Watching for file changes with StatReloader
Bad Request: /api/auth/registration/
Bad Request: /api/auth/registration/
Not Found: /api/auth/
Method Not Allowed: /api/auth/login/
Method Not Allowed: /api/auth/logout/
Not Found: /api/auth/
Watching for file changes with StatReloader
Bad Request: /api/auth/registration/
Bad Request: /api/auth/registration/
Bad Request: /api/auth/registration/
Bad Request: /api/auth/registration/
D:\desktop\monogatari\monogatari_backend\monogatari_backend\settings.py changed, reloading.
Watching for file changes with StatReloader
Watching for file changes with StatReloader
Not Found: /accounts/profile/
Not Found: /favicon.ico
Not Found: /
Not Found: /api/auth/
Watching for file changes with StatReloader
Bad Request: /api/auth/token/verify/
Unsupported Media Type: /api/auth/token/verify/
Unauthorized: /api/auth/token/refresh/
Unauthorized: /api/auth/token/refresh/
Bad Request: /api/auth/token/refresh/
Unauthorized: /api/auth/token/refresh/
Unauthorized: /api/auth/token/refresh/
Unsupported Media Type: /api/auth/token/refresh/
Unauthorized: /api/auth/token/refresh/
Unauthorized: /api/auth/token/refresh/
D:\desktop\monogatari\monogatari_backend\monogatari_backend\settings.py changed, reloading.
Watching for file changes with StatReloader
D:\desktop\monogatari\monogatari_backend\monogatari_backend\settings.py changed, reloading.
Watching for file changes with StatReloader
D:\desktop\monogatari\monogatari_backend\monogatari_backend\settings.py changed, reloading.
Watching for file changes with StatReloader
Unauthorized: /api/auth/token/refresh/
D:\desktop\monogatari\monogatari_backend\auth_user\models.py changed, reloading.
Watching for file changes with StatReloader
D:\desktop\monogatari\monogatari_backend\auth_user\models.py changed, reloading.
Watching for file changes with StatReloader
D:\desktop\monogatari\monogatari_backend\auth_user\models.py changed, reloading.
Watching for file changes with StatReloader
D:\desktop\monogatari\monogatari_backend\auth_user\models.py changed, reloading.
Watching for file changes with StatReloader
D:\desktop\monogatari\monogatari_backend\auth_user\models.py changed, reloading.
Watching for file changes with StatReloader
Watching for file changes with StatReloader
D:\desktop\monogatari\monogatari_backend\fanat\models.py changed, reloading.
Watching for file changes with StatReloader
Watching for file changes with StatReloader
Internal Server Error: /admin/fanat/serie/add/
Traceback (most recent call last):
  File "C:\Users\abush\AppData\Local\Programs\Python\Python310\lib\site-packages\django\db\backends\utils.py", line 89, in _execute
    return self.cursor.execute(sql, params)
psycopg2.errors.UndefinedColumn: ОШИБКА:  столбец fanat_season.name_ru не существует
LINE 1: ... CURSOR WITH HOLD FOR SELECT "fanat_season"."id", "fanat_sea...
                                                             ^
HINT:  Возможно, предполагалась ссылка на столбец "fanat_season.name".


The above exception was the direct cause of the following exception:

Traceback (most recent call last):
  File "C:\Users\abush\AppData\Local\Programs\Python\Python310\lib\site-packages\django\db\models\sql\compiler.py", line 1398, in execute_sql
    cursor.execute(sql, params)
  File "C:\Users\abush\AppData\Local\Programs\Python\Python310\lib\site-packages\django\db\backends\utils.py", line 103, in execute
    return super().execute(sql, params)
  File "C:\Users\abush\AppData\Local\Programs\Python\Python310\lib\site-packages\django\db\backends\utils.py", line 67, in execute
    return self._execute_with_wrappers(
  File "C:\Users\abush\AppData\Local\Programs\Python\Python310\lib\site-packages\django\db\backends\utils.py", line 80, in _execute_with_wrappers
    return executor(sql, params, many, context)
  File "C:\Users\abush\AppData\Local\Programs\Python\Python310\lib\site-packages\django\db\backends\utils.py", line 84, in _execute
    with self.db.wrap_database_errors:
  File "C:\Users\abush\AppData\Local\Programs\Python\Python310\lib\site-packages\django\db\utils.py", line 91, in __exit__
    raise dj_exc_value.with_traceback(traceback) from exc_value
  File "C:\Users\abush\AppData\Local\Programs\Python\Python310\lib\site-packages\django\db\backends\utils.py", line 89, in _execute
    return self.cursor.execute(sql, params)
django.db.utils.ProgrammingError: ОШИБКА:  столбец fanat_season.name_ru не существует
LINE 1: ... CURSOR WITH HOLD FOR SELECT "fanat_season"."id", "fanat_sea...
                                                             ^
HINT:  Возможно, предполагалась ссылка на столбец "fanat_season.name".


During handling of the above exception, another exception occurred:

Traceback (most recent call last):
  File "C:\Users\abush\AppData\Local\Programs\Python\Python310\lib\site-packages\django\core\handlers\exception.py", line 55, in inner
    response = get_response(request)
  File "C:\Users\abush\AppData\Local\Programs\Python\Python310\lib\site-packages\django\core\handlers\base.py", line 220, in _get_response
    response = response.render()
  File "C:\Users\abush\AppData\Local\Programs\Python\Python310\lib\site-packages\django\template\response.py", line 114, in render
    self.content = self.rendered_content
  File "C:\Users\abush\AppData\Local\Programs\Python\Python310\lib\site-packages\django\template\response.py", line 92, in rendered_content
    return template.render(context, self._request)
  File "C:\Users\abush\AppData\Local\Programs\Python\Python310\lib\site-packages\django\template\backends\django.py", line 62, in render
    return self.template.render(context)
  File "C:\Users\abush\AppData\Local\Programs\Python\Python310\lib\site-packages\django\template\base.py", line 175, in render
    return self._render(context)
  File "C:\Users\abush\AppData\Local\Programs\Python\Python310\lib\site-packages\django\template\base.py", line 167, in _render
    return self.nodelist.render(context)
  File "C:\Users\abush\AppData\Local\Programs\Python\Python310\lib\site-packages\django\template\base.py", line 1005, in render
    return SafeString("".join([node.render_annotated(context) for node in self]))
  File "C:\Users\abush\AppData\Local\Programs\Python\Python310\lib\site-packages\django\template\base.py", line 1005, in <listcomp>
    return SafeString("".join([node.render_annotated(context) for node in self]))
  File "C:\Users\abush\AppData\Local\Programs\Python\Python310\lib\site-packages\django\template\base.py", line 966, in render_annotated
    return self.render(context)
  File "C:\Users\abush\AppData\Local\Programs\Python\Python310\lib\site-packages\django\template\loader_tags.py", line 157, in render
    return compiled_parent._render(context)
  File "C:\Users\abush\AppData\Local\Programs\Python\Python310\lib\site-packages\django\template\base.py", line 167, in _render
    return self.nodelist.render(context)
  File "C:\Users\abush\AppData\Local\Programs\Python\Python310\lib\site-packages\django\template\base.py", line 1005, in render
    return SafeString("".join([node.render_annotated(context) for node in self]))
  File "C:\Users\abush\AppData\Local\Programs\Python\Python310\lib\site-packages\django\template\base.py", line 1005, in <listcomp>
    return SafeString("".join([node.render_annotated(context) for node in self]))
  File "C:\Users\abush\AppData\Local\Programs\Python\Python310\lib\site-packages\django\template\base.py", line 966, in render_annotated
    return self.render(context)
  File "C:\Users\abush\AppData\Local\Programs\Python\Python310\lib\site-packages\django\template\loader_tags.py", line 157, in render
    return compiled_parent._render(context)
  File "C:\Users\abush\AppData\Local\Programs\Python\Python310\lib\site-packages\django\template\base.py", line 167, in _render
    return self.nodelist.render(context)
  File "C:\Users\abush\AppData\Local\Programs\Python\Python310\lib\site-packages\django\template\base.py", line 1005, in render
    return SafeString("".join([node.render_annotated(context) for node in self]))
  File "C:\Users\abush\AppData\Local\Programs\Python\Python310\lib\site-packages\django\template\base.py", line 1005, in <listcomp>
    return SafeString("".join([node.render_annotated(context) for node in self]))
  File "C:\Users\abush\AppData\Local\Programs\Python\Python310\lib\site-packages\django\template\base.py", line 966, in render_annotated
    return self.render(context)
  File "C:\Users\abush\AppData\Local\Programs\Python\Python310\lib\site-packages\django\template\loader_tags.py", line 63, in render
    result = block.nodelist.render(context)
  File "C:\Users\abush\AppData\Local\Programs\Python\Python310\lib\site-packages\django\template\base.py", line 1005, in render
    return SafeString("".join([node.render_annotated(context) for node in self]))
  File "C:\Users\abush\AppData\Local\Programs\Python\Python310\lib\site-packages\django\template\base.py", line 1005, in <listcomp>
    return SafeString("".join([node.render_annotated(context) for node in self]))
  File "C:\Users\abush\AppData\Local\Programs\Python\Python310\lib\site-packages\django\template\base.py", line 966, in render_annotated
    return self.render(context)
  File "C:\Users\abush\AppData\Local\Programs\Python\Python310\lib\site-packages\django\template\loader_tags.py", line 63, in render
    result = block.nodelist.render(context)
  File "C:\Users\abush\AppData\Local\Programs\Python\Python310\lib\site-packages\django\template\base.py", line 1005, in render
    return SafeString("".join([node.render_annotated(context) for node in self]))
  File "C:\Users\abush\AppData\Local\Programs\Python\Python310\lib\site-packages\django\template\base.py", line 1005, in <listcomp>
    return SafeString("".join([node.render_annotated(context) for node in self]))
  File "C:\Users\abush\AppData\Local\Programs\Python\Python310\lib\site-packages\django\template\base.py", line 966, in render_annotated
    return self.render(context)
  File "C:\Users\abush\AppData\Local\Programs\Python\Python310\lib\site-packages\django\template\defaulttags.py", line 238, in render
    nodelist.append(node.render_annotated(context))
  File "C:\Users\abush\AppData\Local\Programs\Python\Python310\lib\site-packages\django\template\base.py", line 966, in render_annotated
    return self.render(context)
  File "C:\Users\abush\AppData\Local\Programs\Python\Python310\lib\site-packages\django\template\loader_tags.py", line 208, in render
    return template.render(context)
  File "C:\Users\abush\AppData\Local\Programs\Python\Python310\lib\site-packages\django\template\base.py", line 177, in render
    return self._render(context)
  File "C:\Users\abush\AppData\Local\Programs\Python\Python310\lib\site-packages\django\template\base.py", line 167, in _render
    return self.nodelist.render(context)
  File "C:\Users\abush\AppData\Local\Programs\Python\Python310\lib\site-packages\django\template\base.py", line 1005, in render
    return SafeString("".join([node.render_annotated(context) for node in self]))
  File "C:\Users\abush\AppData\Local\Programs\Python\Python310\lib\site-packages\django\template\base.py", line 1005, in <listcomp>
    return SafeString("".join([node.render_annotated(context) for node in self]))
  File "C:\Users\abush\AppData\Local\Programs\Python\Python310\lib\site-packages\django\template\base.py", line 966, in render_annotated
    return self.render(context)
  File "C:\Users\abush\AppData\Local\Programs\Python\Python310\lib\site-packages\django\template\defaulttags.py", line 238, in render
    nodelist.append(node.render_annotated(context))
  File "C:\Users\abush\AppData\Local\Programs\Python\Python310\lib\site-packages\django\template\base.py", line 966, in render_annotated
    return self.render(context)
  File "C:\Users\abush\AppData\Local\Programs\Python\Python310\lib\site-packages\django\template\defaulttags.py", line 238, in render
    nodelist.append(node.render_annotated(context))
  File "C:\Users\abush\AppData\Local\Programs\Python\Python310\lib\site-packages\django\template\base.py", line 966, in render_annotated
    return self.render(context)
  File "C:\Users\abush\AppData\Local\Programs\Python\Python310\lib\site-packages\django\template\defaulttags.py", line 322, in render
    return nodelist.render(context)
  File "C:\Users\abush\AppData\Local\Programs\Python\Python310\lib\site-packages\django\template\base.py", line 1005, in render
    return SafeString("".join([node.render_annotated(context) for node in self]))
  File "C:\Users\abush\AppData\Local\Programs\Python\Python310\lib\site-packages\django\template\base.py", line 1005, in <listcomp>
    return SafeString("".join([node.render_annotated(context) for node in self]))
  File "C:\Users\abush\AppData\Local\Programs\Python\Python310\lib\site-packages\django\template\base.py", line 966, in render_annotated
    return self.render(context)
  File "C:\Users\abush\AppData\Local\Programs\Python\Python310\lib\site-packages\django\template\defaulttags.py", line 322, in render
    return nodelist.render(context)
  File "C:\Users\abush\AppData\Local\Programs\Python\Python310\lib\site-packages\django\template\base.py", line 1005, in render
    return SafeString("".join([node.render_annotated(context) for node in self]))
  File "C:\Users\abush\AppData\Local\Programs\Python\Python310\lib\site-packages\django\template\base.py", line 1005, in <listcomp>
    return SafeString("".join([node.render_annotated(context) for node in self]))
  File "C:\Users\abush\AppData\Local\Programs\Python\Python310\lib\site-packages\django\template\base.py", line 966, in render_annotated
    return self.render(context)
  File "C:\Users\abush\AppData\Local\Programs\Python\Python310\lib\site-packages\django\template\base.py", line 1070, in render
    return render_value_in_context(output, context)
  File "C:\Users\abush\AppData\Local\Programs\Python\Python310\lib\site-packages\django\template\base.py", line 1047, in render_value_in_context
    value = str(value)
  File "C:\Users\abush\AppData\Local\Programs\Python\Python310\lib\site-packages\django\utils\html.py", line 419, in <lambda>
    klass.__str__ = lambda self: mark_safe(klass_str(self))
  File "C:\Users\abush\AppData\Local\Programs\Python\Python310\lib\site-packages\django\forms\boundfield.py", line 34, in __str__
    return self.as_widget()
  File "C:\Users\abush\AppData\Local\Programs\Python\Python310\lib\site-packages\django\forms\boundfield.py", line 99, in as_widget
    return widget.render(
  File "C:\Users\abush\AppData\Local\Programs\Python\Python310\lib\site-packages\django\forms\widgets.py", line 280, in render
    context = self.get_context(name, value, attrs)
  File "C:\Users\abush\AppData\Local\Programs\Python\Python310\lib\site-packages\django\contrib\admin\widgets.py", line 312, in get_context
    "rendered_widget": self.widget.render(name, value, attrs),
  File "C:\Users\abush\AppData\Local\Programs\Python\Python310\lib\site-packages\django\forms\widgets.py", line 280, in render
    context = self.get_context(name, value, attrs)
  File "C:\Users\abush\AppData\Local\Programs\Python\Python310\lib\site-packages\django\forms\widgets.py", line 734, in get_context
    context = super().get_context(name, value, attrs)
  File "C:\Users\abush\AppData\Local\Programs\Python\Python310\lib\site-packages\django\forms\widgets.py", line 693, in get_context
    context["widget"]["optgroups"] = self.optgroups(
  File "C:\Users\abush\AppData\Local\Programs\Python\Python310\lib\site-packages\django\forms\widgets.py", line 633, in optgroups
    for index, (option_value, option_label) in enumerate(self.choices):
  File "C:\Users\abush\AppData\Local\Programs\Python\Python310\lib\site-packages\django\forms\models.py", line 1409, in __iter__
    for obj in queryset:
  File "C:\Users\abush\AppData\Local\Programs\Python\Python310\lib\site-packages\django\db\models\query.py", line 512, in _iterator
    yield from iterable
  File "C:\Users\abush\AppData\Local\Programs\Python\Python310\lib\site-packages\django\db\models\query.py", line 87, in __iter__
    results = compiler.execute_sql(
  File "C:\Users\abush\AppData\Local\Programs\Python\Python310\lib\site-packages\django\db\models\sql\compiler.py", line 1401, in execute_sql
    cursor.close()
psycopg2.errors.InvalidCursorName: ОШИБКА:  курсор "_django_curs_9212_sync_1" не существует

Internal Server Error: /admin/fanat/season/
Traceback (most recent call last):
  File "C:\Users\abush\AppData\Local\Programs\Python\Python310\lib\site-packages\django\db\backends\utils.py", line 89, in _execute
    return self.cursor.execute(sql, params)
psycopg2.errors.UndefinedColumn: ОШИБКА:  столбец fanat_season.name_ru не существует
LINE 1: SELECT "fanat_season"."id", "fanat_season"."name_ru", "fanat...
                                    ^
HINT:  Возможно, предполагалась ссылка на столбец "fanat_season.name".


The above exception was the direct cause of the following exception:

Traceback (most recent call last):
  File "C:\Users\abush\AppData\Local\Programs\Python\Python310\lib\site-packages\django\core\handlers\exception.py", line 55, in inner
    response = get_response(request)
  File "C:\Users\abush\AppData\Local\Programs\Python\Python310\lib\site-packages\django\core\handlers\base.py", line 197, in _get_response
    response = wrapped_callback(request, *callback_args, **callback_kwargs)
  File "C:\Users\abush\AppData\Local\Programs\Python\Python310\lib\site-packages\django\contrib\admin\options.py", line 686, in wrapper
    return self.admin_site.admin_view(view)(*args, **kwargs)
  File "C:\Users\abush\AppData\Local\Programs\Python\Python310\lib\site-packages\django\utils\decorators.py", line 133, in _wrapped_view
    response = view_func(request, *args, **kwargs)
  File "C:\Users\abush\AppData\Local\Programs\Python\Python310\lib\site-packages\django\views\decorators\cache.py", line 62, in _wrapped_view_func
    response = view_func(request, *args, **kwargs)
  File "C:\Users\abush\AppData\Local\Programs\Python\Python310\lib\site-packages\django\contrib\admin\sites.py", line 242, in inner
    return view(request, *args, **kwargs)
  File "C:\Users\abush\AppData\Local\Programs\Python\Python310\lib\site-packages\django\utils\decorators.py", line 46, in _wrapper
    return bound_method(*args, **kwargs)
  File "C:\Users\abush\AppData\Local\Programs\Python\Python310\lib\site-packages\django\utils\decorators.py", line 133, in _wrapped_view
    response = view_func(request, *args, **kwargs)
  File "C:\Users\abush\AppData\Local\Programs\Python\Python310\lib\site-packages\django\contrib\admin\options.py", line 2068, in changelist_view
    "selection_note": _("0 of %(cnt)s selected") % {"cnt": len(cl.result_list)},
  File "C:\Users\abush\AppData\Local\Programs\Python\Python310\lib\site-packages\django\db\models\query.py", line 376, in __len__
    self._fetch_all()
  File "C:\Users\abush\AppData\Local\Programs\Python\Python310\lib\site-packages\django\db\models\query.py", line 1867, in _fetch_all
    self._result_cache = list(self._iterable_class(self))
  File "C:\Users\abush\AppData\Local\Programs\Python\Python310\lib\site-packages\django\db\models\query.py", line 87, in __iter__
    results = compiler.execute_sql(
  File "C:\Users\abush\AppData\Local\Programs\Python\Python310\lib\site-packages\django\db\models\sql\compiler.py", line 1398, in execute_sql
    cursor.execute(sql, params)
  File "C:\Users\abush\AppData\Local\Programs\Python\Python310\lib\site-packages\django\db\backends\utils.py", line 103, in execute
    return super().execute(sql, params)
  File "C:\Users\abush\AppData\Local\Programs\Python\Python310\lib\site-packages\django\db\backends\utils.py", line 67, in execute
    return self._execute_with_wrappers(
  File "C:\Users\abush\AppData\Local\Programs\Python\Python310\lib\site-packages\django\db\backends\utils.py", line 80, in _execute_with_wrappers
    return executor(sql, params, many, context)
  File "C:\Users\abush\AppData\Local\Programs\Python\Python310\lib\site-packages\django\db\backends\utils.py", line 84, in _execute
    with self.db.wrap_database_errors:
  File "C:\Users\abush\AppData\Local\Programs\Python\Python310\lib\site-packages\django\db\utils.py", line 91, in __exit__
    raise dj_exc_value.with_traceback(traceback) from exc_value
  File "C:\Users\abush\AppData\Local\Programs\Python\Python310\lib\site-packages\django\db\backends\utils.py", line 89, in _execute
    return self.cursor.execute(sql, params)
django.db.utils.ProgrammingError: ОШИБКА:  столбец fanat_season.name_ru не существует
LINE 1: SELECT "fanat_season"."id", "fanat_season"."name_ru", "fanat...
                                    ^
HINT:  Возможно, предполагалась ссылка на столбец "fanat_season.name".

Watching for file changes with StatReloader
Internal Server Error: /admin/fanat/chapter/
Traceback (most recent call last):
  File "C:\Users\abush\AppData\Local\Programs\Python\Python310\lib\site-packages\django\db\backends\utils.py", line 89, in _execute
    return self.cursor.execute(sql, params)
psycopg2.errors.UndefinedColumn: ОШИБКА:  столбец fanat_chapter.name_ru не существует
LINE 1: SELECT "fanat_chapter"."id", "fanat_chapter"."name_ru", "fan...
                                     ^
HINT:  Возможно, предполагалась ссылка на столбец "fanat_chapter.name".


The above exception was the direct cause of the following exception:

Traceback (most recent call last):
  File "C:\Users\abush\AppData\Local\Programs\Python\Python310\lib\site-packages\django\core\handlers\exception.py", line 55, in inner
    response = get_response(request)
  File "C:\Users\abush\AppData\Local\Programs\Python\Python310\lib\site-packages\django\core\handlers\base.py", line 197, in _get_response
    response = wrapped_callback(request, *callback_args, **callback_kwargs)
  File "C:\Users\abush\AppData\Local\Programs\Python\Python310\lib\site-packages\django\contrib\admin\options.py", line 686, in wrapper
    return self.admin_site.admin_view(view)(*args, **kwargs)
  File "C:\Users\abush\AppData\Local\Programs\Python\Python310\lib\site-packages\django\utils\decorators.py", line 133, in _wrapped_view
    response = view_func(request, *args, **kwargs)
  File "C:\Users\abush\AppData\Local\Programs\Python\Python310\lib\site-packages\django\views\decorators\cache.py", line 62, in _wrapped_view_func
    response = view_func(request, *args, **kwargs)
  File "C:\Users\abush\AppData\Local\Programs\Python\Python310\lib\site-packages\django\contrib\admin\sites.py", line 242, in inner
    return view(request, *args, **kwargs)
  File "C:\Users\abush\AppData\Local\Programs\Python\Python310\lib\site-packages\django\utils\decorators.py", line 46, in _wrapper
    return bound_method(*args, **kwargs)
  File "C:\Users\abush\AppData\Local\Programs\Python\Python310\lib\site-packages\django\utils\decorators.py", line 133, in _wrapped_view
    response = view_func(request, *args, **kwargs)
  File "C:\Users\abush\AppData\Local\Programs\Python\Python310\lib\site-packages\django\contrib\admin\options.py", line 2068, in changelist_view
    "selection_note": _("0 of %(cnt)s selected") % {"cnt": len(cl.result_list)},
  File "C:\Users\abush\AppData\Local\Programs\Python\Python310\lib\site-packages\django\db\models\query.py", line 376, in __len__
    self._fetch_all()
  File "C:\Users\abush\AppData\Local\Programs\Python\Python310\lib\site-packages\django\db\models\query.py", line 1867, in _fetch_all
    self._result_cache = list(self._iterable_class(self))
  File "C:\Users\abush\AppData\Local\Programs\Python\Python310\lib\site-packages\django\db\models\query.py", line 87, in __iter__
    results = compiler.execute_sql(
  File "C:\Users\abush\AppData\Local\Programs\Python\Python310\lib\site-packages\django\db\models\sql\compiler.py", line 1398, in execute_sql
    cursor.execute(sql, params)
  File "C:\Users\abush\AppData\Local\Programs\Python\Python310\lib\site-packages\django\db\backends\utils.py", line 103, in execute
    return super().execute(sql, params)
  File "C:\Users\abush\AppData\Local\Programs\Python\Python310\lib\site-packages\django\db\backends\utils.py", line 67, in execute
    return self._execute_with_wrappers(
  File "C:\Users\abush\AppData\Local\Programs\Python\Python310\lib\site-packages\django\db\backends\utils.py", line 80, in _execute_with_wrappers
    return executor(sql, params, many, context)
  File "C:\Users\abush\AppData\Local\Programs\Python\Python310\lib\site-packages\django\db\backends\utils.py", line 84, in _execute
    with self.db.wrap_database_errors:
  File "C:\Users\abush\AppData\Local\Programs\Python\Python310\lib\site-packages\django\db\utils.py", line 91, in __exit__
    raise dj_exc_value.with_traceback(traceback) from exc_value
  File "C:\Users\abush\AppData\Local\Programs\Python\Python310\lib\site-packages\django\db\backends\utils.py", line 89, in _execute
    return self.cursor.execute(sql, params)
django.db.utils.ProgrammingError: ОШИБКА:  столбец fanat_chapter.name_ru не существует
LINE 1: SELECT "fanat_chapter"."id", "fanat_chapter"."name_ru", "fan...
                                     ^
HINT:  Возможно, предполагалась ссылка на столбец "fanat_chapter.name".

Internal Server Error: /admin/fanat/season/
Traceback (most recent call last):
  File "C:\Users\abush\AppData\Local\Programs\Python\Python310\lib\site-packages\django\db\backends\utils.py", line 89, in _execute
    return self.cursor.execute(sql, params)
psycopg2.errors.UndefinedColumn: ОШИБКА:  столбец fanat_season.name_ru не существует
LINE 1: SELECT "fanat_season"."id", "fanat_season"."name_ru", "fanat...
                                    ^
HINT:  Возможно, предполагалась ссылка на столбец "fanat_season.name".


The above exception was the direct cause of the following exception:

Traceback (most recent call last):
  File "C:\Users\abush\AppData\Local\Programs\Python\Python310\lib\site-packages\django\core\handlers\exception.py", line 55, in inner
    response = get_response(request)
  File "C:\Users\abush\AppData\Local\Programs\Python\Python310\lib\site-packages\django\core\handlers\base.py", line 197, in _get_response
    response = wrapped_callback(request, *callback_args, **callback_kwargs)
  File "C:\Users\abush\AppData\Local\Programs\Python\Python310\lib\site-packages\django\contrib\admin\options.py", line 686, in wrapper
    return self.admin_site.admin_view(view)(*args, **kwargs)
  File "C:\Users\abush\AppData\Local\Programs\Python\Python310\lib\site-packages\django\utils\decorators.py", line 133, in _wrapped_view
    response = view_func(request, *args, **kwargs)
  File "C:\Users\abush\AppData\Local\Programs\Python\Python310\lib\site-packages\django\views\decorators\cache.py", line 62, in _wrapped_view_func
    response = view_func(request, *args, **kwargs)
  File "C:\Users\abush\AppData\Local\Programs\Python\Python310\lib\site-packages\django\contrib\admin\sites.py", line 242, in inner
    return view(request, *args, **kwargs)
  File "C:\Users\abush\AppData\Local\Programs\Python\Python310\lib\site-packages\django\utils\decorators.py", line 46, in _wrapper
    return bound_method(*args, **kwargs)
  File "C:\Users\abush\AppData\Local\Programs\Python\Python310\lib\site-packages\django\utils\decorators.py", line 133, in _wrapped_view
    response = view_func(request, *args, **kwargs)
  File "C:\Users\abush\AppData\Local\Programs\Python\Python310\lib\site-packages\django\contrib\admin\options.py", line 2068, in changelist_view
    "selection_note": _("0 of %(cnt)s selected") % {"cnt": len(cl.result_list)},
  File "C:\Users\abush\AppData\Local\Programs\Python\Python310\lib\site-packages\django\db\models\query.py", line 376, in __len__
    self._fetch_all()
  File "C:\Users\abush\AppData\Local\Programs\Python\Python310\lib\site-packages\django\db\models\query.py", line 1867, in _fetch_all
    self._result_cache = list(self._iterable_class(self))
  File "C:\Users\abush\AppData\Local\Programs\Python\Python310\lib\site-packages\django\db\models\query.py", line 87, in __iter__
    results = compiler.execute_sql(
  File "C:\Users\abush\AppData\Local\Programs\Python\Python310\lib\site-packages\django\db\models\sql\compiler.py", line 1398, in execute_sql
    cursor.execute(sql, params)
  File "C:\Users\abush\AppData\Local\Programs\Python\Python310\lib\site-packages\django\db\backends\utils.py", line 103, in execute
    return super().execute(sql, params)
  File "C:\Users\abush\AppData\Local\Programs\Python\Python310\lib\site-packages\django\db\backends\utils.py", line 67, in execute
    return self._execute_with_wrappers(
  File "C:\Users\abush\AppData\Local\Programs\Python\Python310\lib\site-packages\django\db\backends\utils.py", line 80, in _execute_with_wrappers
    return executor(sql, params, many, context)
  File "C:\Users\abush\AppData\Local\Programs\Python\Python310\lib\site-packages\django\db\backends\utils.py", line 84, in _execute
    with self.db.wrap_database_errors:
  File "C:\Users\abush\AppData\Local\Programs\Python\Python310\lib\site-packages\django\db\utils.py", line 91, in __exit__
    raise dj_exc_value.with_traceback(traceback) from exc_value
  File "C:\Users\abush\AppData\Local\Programs\Python\Python310\lib\site-packages\django\db\backends\utils.py", line 89, in _execute
    return self.cursor.execute(sql, params)
django.db.utils.ProgrammingError: ОШИБКА:  столбец fanat_season.name_ru не существует
LINE 1: SELECT "fanat_season"."id", "fanat_season"."name_ru", "fanat...
                                    ^
HINT:  Возможно, предполагалась ссылка на столбец "fanat_season.name".

Internal Server Error: /admin/fanat/volume/
Traceback (most recent call last):
  File "C:\Users\abush\AppData\Local\Programs\Python\Python310\lib\site-packages\django\db\backends\utils.py", line 89, in _execute
    return self.cursor.execute(sql, params)
psycopg2.errors.UndefinedColumn: ОШИБКА:  столбец fanat_volume.name_ru не существует
LINE 1: SELECT "fanat_volume"."id", "fanat_volume"."name_ru", "fanat...
                                    ^
HINT:  Возможно, предполагалась ссылка на столбец "fanat_volume.name".


The above exception was the direct cause of the following exception:

Traceback (most recent call last):
  File "C:\Users\abush\AppData\Local\Programs\Python\Python310\lib\site-packages\django\core\handlers\exception.py", line 55, in inner
    response = get_response(request)
  File "C:\Users\abush\AppData\Local\Programs\Python\Python310\lib\site-packages\django\core\handlers\base.py", line 197, in _get_response
    response = wrapped_callback(request, *callback_args, **callback_kwargs)
  File "C:\Users\abush\AppData\Local\Programs\Python\Python310\lib\site-packages\django\contrib\admin\options.py", line 686, in wrapper
    return self.admin_site.admin_view(view)(*args, **kwargs)
  File "C:\Users\abush\AppData\Local\Programs\Python\Python310\lib\site-packages\django\utils\decorators.py", line 133, in _wrapped_view
    response = view_func(request, *args, **kwargs)
  File "C:\Users\abush\AppData\Local\Programs\Python\Python310\lib\site-packages\django\views\decorators\cache.py", line 62, in _wrapped_view_func
    response = view_func(request, *args, **kwargs)
  File "C:\Users\abush\AppData\Local\Programs\Python\Python310\lib\site-packages\django\contrib\admin\sites.py", line 242, in inner
    return view(request, *args, **kwargs)
  File "C:\Users\abush\AppData\Local\Programs\Python\Python310\lib\site-packages\django\utils\decorators.py", line 46, in _wrapper
    return bound_method(*args, **kwargs)
  File "C:\Users\abush\AppData\Local\Programs\Python\Python310\lib\site-packages\django\utils\decorators.py", line 133, in _wrapped_view
    response = view_func(request, *args, **kwargs)
  File "C:\Users\abush\AppData\Local\Programs\Python\Python310\lib\site-packages\django\contrib\admin\options.py", line 2068, in changelist_view
    "selection_note": _("0 of %(cnt)s selected") % {"cnt": len(cl.result_list)},
  File "C:\Users\abush\AppData\Local\Programs\Python\Python310\lib\site-packages\django\db\models\query.py", line 376, in __len__
    self._fetch_all()
  File "C:\Users\abush\AppData\Local\Programs\Python\Python310\lib\site-packages\django\db\models\query.py", line 1867, in _fetch_all
    self._result_cache = list(self._iterable_class(self))
  File "C:\Users\abush\AppData\Local\Programs\Python\Python310\lib\site-packages\django\db\models\query.py", line 87, in __iter__
    results = compiler.execute_sql(
  File "C:\Users\abush\AppData\Local\Programs\Python\Python310\lib\site-packages\django\db\models\sql\compiler.py", line 1398, in execute_sql
    cursor.execute(sql, params)
  File "C:\Users\abush\AppData\Local\Programs\Python\Python310\lib\site-packages\django\db\backends\utils.py", line 103, in execute
    return super().execute(sql, params)
  File "C:\Users\abush\AppData\Local\Programs\Python\Python310\lib\site-packages\django\db\backends\utils.py", line 67, in execute
    return self._execute_with_wrappers(
  File "C:\Users\abush\AppData\Local\Programs\Python\Python310\lib\site-packages\django\db\backends\utils.py", line 80, in _execute_with_wrappers
    return executor(sql, params, many, context)
  File "C:\Users\abush\AppData\Local\Programs\Python\Python310\lib\site-packages\django\db\backends\utils.py", line 84, in _execute
    with self.db.wrap_database_errors:
  File "C:\Users\abush\AppData\Local\Programs\Python\Python310\lib\site-packages\django\db\utils.py", line 91, in __exit__
    raise dj_exc_value.with_traceback(traceback) from exc_value
  File "C:\Users\abush\AppData\Local\Programs\Python\Python310\lib\site-packages\django\db\backends\utils.py", line 89, in _execute
    return self.cursor.execute(sql, params)
django.db.utils.ProgrammingError: ОШИБКА:  столбец fanat_volume.name_ru не существует
LINE 1: SELECT "fanat_volume"."id", "fanat_volume"."name_ru", "fanat...
                                    ^
HINT:  Возможно, предполагалась ссылка на столбец "fanat_volume.name".

Watching for file changes with StatReloader
Internal Server Error: /admin/fanat/season/
Traceback (most recent call last):
  File "C:\Users\abush\AppData\Local\Programs\Python\Python310\lib\site-packages\django\db\backends\utils.py", line 89, in _execute
    return self.cursor.execute(sql, params)
psycopg2.errors.UndefinedColumn: ОШИБКА:  столбец fanat_season.name_ru не существует
LINE 1: SELECT "fanat_season"."id", "fanat_season"."name_ru", "fanat...
                                    ^
HINT:  Возможно, предполагалась ссылка на столбец "fanat_season.name".


The above exception was the direct cause of the following exception:

Traceback (most recent call last):
  File "C:\Users\abush\AppData\Local\Programs\Python\Python310\lib\site-packages\django\core\handlers\exception.py", line 55, in inner
    response = get_response(request)
  File "C:\Users\abush\AppData\Local\Programs\Python\Python310\lib\site-packages\django\core\handlers\base.py", line 197, in _get_response
    response = wrapped_callback(request, *callback_args, **callback_kwargs)
  File "C:\Users\abush\AppData\Local\Programs\Python\Python310\lib\site-packages\django\contrib\admin\options.py", line 686, in wrapper
    return self.admin_site.admin_view(view)(*args, **kwargs)
  File "C:\Users\abush\AppData\Local\Programs\Python\Python310\lib\site-packages\django\utils\decorators.py", line 133, in _wrapped_view
    response = view_func(request, *args, **kwargs)
  File "C:\Users\abush\AppData\Local\Programs\Python\Python310\lib\site-packages\django\views\decorators\cache.py", line 62, in _wrapped_view_func
    response = view_func(request, *args, **kwargs)
  File "C:\Users\abush\AppData\Local\Programs\Python\Python310\lib\site-packages\django\contrib\admin\sites.py", line 242, in inner
    return view(request, *args, **kwargs)
  File "C:\Users\abush\AppData\Local\Programs\Python\Python310\lib\site-packages\django\utils\decorators.py", line 46, in _wrapper
    return bound_method(*args, **kwargs)
  File "C:\Users\abush\AppData\Local\Programs\Python\Python310\lib\site-packages\django\utils\decorators.py", line 133, in _wrapped_view
    response = view_func(request, *args, **kwargs)
  File "C:\Users\abush\AppData\Local\Programs\Python\Python310\lib\site-packages\django\contrib\admin\options.py", line 2068, in changelist_view
    "selection_note": _("0 of %(cnt)s selected") % {"cnt": len(cl.result_list)},
  File "C:\Users\abush\AppData\Local\Programs\Python\Python310\lib\site-packages\django\db\models\query.py", line 376, in __len__
    self._fetch_all()
  File "C:\Users\abush\AppData\Local\Programs\Python\Python310\lib\site-packages\django\db\models\query.py", line 1867, in _fetch_all
    self._result_cache = list(self._iterable_class(self))
  File "C:\Users\abush\AppData\Local\Programs\Python\Python310\lib\site-packages\django\db\models\query.py", line 87, in __iter__
    results = compiler.execute_sql(
  File "C:\Users\abush\AppData\Local\Programs\Python\Python310\lib\site-packages\django\db\models\sql\compiler.py", line 1398, in execute_sql
    cursor.execute(sql, params)
  File "C:\Users\abush\AppData\Local\Programs\Python\Python310\lib\site-packages\django\db\backends\utils.py", line 103, in execute
    return super().execute(sql, params)
  File "C:\Users\abush\AppData\Local\Programs\Python\Python310\lib\site-packages\django\db\backends\utils.py", line 67, in execute
    return self._execute_with_wrappers(
  File "C:\Users\abush\AppData\Local\Programs\Python\Python310\lib\site-packages\django\db\backends\utils.py", line 80, in _execute_with_wrappers
    return executor(sql, params, many, context)
  File "C:\Users\abush\AppData\Local\Programs\Python\Python310\lib\site-packages\django\db\backends\utils.py", line 84, in _execute
    with self.db.wrap_database_errors:
  File "C:\Users\abush\AppData\Local\Programs\Python\Python310\lib\site-packages\django\db\utils.py", line 91, in __exit__
    raise dj_exc_value.with_traceback(traceback) from exc_value
  File "C:\Users\abush\AppData\Local\Programs\Python\Python310\lib\site-packages\django\db\backends\utils.py", line 89, in _execute
    return self.cursor.execute(sql, params)
django.db.utils.ProgrammingError: ОШИБКА:  столбец fanat_season.name_ru не существует
LINE 1: SELECT "fanat_season"."id", "fanat_season"."name_ru", "fanat...
                                    ^
HINT:  Возможно, предполагалась ссылка на столбец "fanat_season.name".

Internal Server Error: /admin/fanat/volume/
Traceback (most recent call last):
  File "C:\Users\abush\AppData\Local\Programs\Python\Python310\lib\site-packages\django\db\backends\utils.py", line 89, in _execute
    return self.cursor.execute(sql, params)
psycopg2.errors.UndefinedColumn: ОШИБКА:  столбец fanat_volume.name_ru не существует
LINE 1: SELECT "fanat_volume"."id", "fanat_volume"."name_ru", "fanat...
                                    ^
HINT:  Возможно, предполагалась ссылка на столбец "fanat_volume.name".


The above exception was the direct cause of the following exception:

Traceback (most recent call last):
  File "C:\Users\abush\AppData\Local\Programs\Python\Python310\lib\site-packages\django\core\handlers\exception.py", line 55, in inner
    response = get_response(request)
  File "C:\Users\abush\AppData\Local\Programs\Python\Python310\lib\site-packages\django\core\handlers\base.py", line 197, in _get_response
    response = wrapped_callback(request, *callback_args, **callback_kwargs)
  File "C:\Users\abush\AppData\Local\Programs\Python\Python310\lib\site-packages\django\contrib\admin\options.py", line 686, in wrapper
    return self.admin_site.admin_view(view)(*args, **kwargs)
  File "C:\Users\abush\AppData\Local\Programs\Python\Python310\lib\site-packages\django\utils\decorators.py", line 133, in _wrapped_view
    response = view_func(request, *args, **kwargs)
  File "C:\Users\abush\AppData\Local\Programs\Python\Python310\lib\site-packages\django\views\decorators\cache.py", line 62, in _wrapped_view_func
    response = view_func(request, *args, **kwargs)
  File "C:\Users\abush\AppData\Local\Programs\Python\Python310\lib\site-packages\django\contrib\admin\sites.py", line 242, in inner
    return view(request, *args, **kwargs)
  File "C:\Users\abush\AppData\Local\Programs\Python\Python310\lib\site-packages\django\utils\decorators.py", line 46, in _wrapper
    return bound_method(*args, **kwargs)
  File "C:\Users\abush\AppData\Local\Programs\Python\Python310\lib\site-packages\django\utils\decorators.py", line 133, in _wrapped_view
    response = view_func(request, *args, **kwargs)
  File "C:\Users\abush\AppData\Local\Programs\Python\Python310\lib\site-packages\django\contrib\admin\options.py", line 2068, in changelist_view
    "selection_note": _("0 of %(cnt)s selected") % {"cnt": len(cl.result_list)},
  File "C:\Users\abush\AppData\Local\Programs\Python\Python310\lib\site-packages\django\db\models\query.py", line 376, in __len__
    self._fetch_all()
  File "C:\Users\abush\AppData\Local\Programs\Python\Python310\lib\site-packages\django\db\models\query.py", line 1867, in _fetch_all
    self._result_cache = list(self._iterable_class(self))
  File "C:\Users\abush\AppData\Local\Programs\Python\Python310\lib\site-packages\django\db\models\query.py", line 87, in __iter__
    results = compiler.execute_sql(
  File "C:\Users\abush\AppData\Local\Programs\Python\Python310\lib\site-packages\django\db\models\sql\compiler.py", line 1398, in execute_sql
    cursor.execute(sql, params)
  File "C:\Users\abush\AppData\Local\Programs\Python\Python310\lib\site-packages\django\db\backends\utils.py", line 103, in execute
    return super().execute(sql, params)
  File "C:\Users\abush\AppData\Local\Programs\Python\Python310\lib\site-packages\django\db\backends\utils.py", line 67, in execute
    return self._execute_with_wrappers(
  File "C:\Users\abush\AppData\Local\Programs\Python\Python310\lib\site-packages\django\db\backends\utils.py", line 80, in _execute_with_wrappers
    return executor(sql, params, many, context)
  File "C:\Users\abush\AppData\Local\Programs\Python\Python310\lib\site-packages\django\db\backends\utils.py", line 84, in _execute
    with self.db.wrap_database_errors:
  File "C:\Users\abush\AppData\Local\Programs\Python\Python310\lib\site-packages\django\db\utils.py", line 91, in __exit__
    raise dj_exc_value.with_traceback(traceback) from exc_value
  File "C:\Users\abush\AppData\Local\Programs\Python\Python310\lib\site-packages\django\db\backends\utils.py", line 89, in _execute
    return self.cursor.execute(sql, params)
django.db.utils.ProgrammingError: ОШИБКА:  столбец fanat_volume.name_ru не существует
LINE 1: SELECT "fanat_volume"."id", "fanat_volume"."name_ru", "fanat...
                                    ^
HINT:  Возможно, предполагалась ссылка на столбец "fanat_volume.name".

D:\desktop\monogatari\monogatari_backend\fanat\admin.py changed, reloading.
Watching for file changes with StatReloader
Watching for file changes with StatReloader
Internal Server Error: /admin/fanat/chapter/
Traceback (most recent call last):
  File "C:\Users\abush\AppData\Local\Programs\Python\Python310\lib\site-packages\django\db\backends\utils.py", line 89, in _execute
    return self.cursor.execute(sql, params)
psycopg2.errors.UndefinedTable: ОШИБКА:  отношение "fanat_chapter" не существует
LINE 1: SELECT COUNT(*) AS "__count" FROM "fanat_chapter"
                                          ^


The above exception was the direct cause of the following exception:

Traceback (most recent call last):
  File "C:\Users\abush\AppData\Local\Programs\Python\Python310\lib\site-packages\django\core\handlers\exception.py", line 55, in inner
    response = get_response(request)
  File "C:\Users\abush\AppData\Local\Programs\Python\Python310\lib\site-packages\django\core\handlers\base.py", line 197, in _get_response
    response = wrapped_callback(request, *callback_args, **callback_kwargs)
  File "C:\Users\abush\AppData\Local\Programs\Python\Python310\lib\site-packages\django\contrib\admin\options.py", line 686, in wrapper
    return self.admin_site.admin_view(view)(*args, **kwargs)
  File "C:\Users\abush\AppData\Local\Programs\Python\Python310\lib\site-packages\django\utils\decorators.py", line 133, in _wrapped_view
    response = view_func(request, *args, **kwargs)
  File "C:\Users\abush\AppData\Local\Programs\Python\Python310\lib\site-packages\django\views\decorators\cache.py", line 62, in _wrapped_view_func
    response = view_func(request, *args, **kwargs)
  File "C:\Users\abush\AppData\Local\Programs\Python\Python310\lib\site-packages\django\contrib\admin\sites.py", line 242, in inner
    return view(request, *args, **kwargs)
  File "C:\Users\abush\AppData\Local\Programs\Python\Python310\lib\site-packages\django\utils\decorators.py", line 46, in _wrapper
    return bound_method(*args, **kwargs)
  File "C:\Users\abush\AppData\Local\Programs\Python\Python310\lib\site-packages\django\utils\decorators.py", line 133, in _wrapped_view
    response = view_func(request, *args, **kwargs)
  File "C:\Users\abush\AppData\Local\Programs\Python\Python310\lib\site-packages\django\contrib\admin\options.py", line 1931, in changelist_view
    cl = self.get_changelist_instance(request)
  File "C:\Users\abush\AppData\Local\Programs\Python\Python310\lib\site-packages\django\contrib\admin\options.py", line 834, in get_changelist_instance
    return ChangeList(
  File "C:\Users\abush\AppData\Local\Programs\Python\Python310\lib\site-packages\django\contrib\admin\views\main.py", line 123, in __init__
    self.get_results(request)
  File "C:\Users\abush\AppData\Local\Programs\Python\Python310\lib\site-packages\django\contrib\admin\views\main.py", line 279, in get_results
    result_count = paginator.count
  File "C:\Users\abush\AppData\Local\Programs\Python\Python310\lib\site-packages\django\utils\functional.py", line 57, in __get__
    res = instance.__dict__[self.name] = self.func(instance)
  File "C:\Users\abush\AppData\Local\Programs\Python\Python310\lib\site-packages\django\core\paginator.py", line 96, in count
    return c()
  File "C:\Users\abush\AppData\Local\Programs\Python\Python310\lib\site-packages\django\db\models\query.py", line 621, in count
    return self.query.get_count(using=self.db)
  File "C:\Users\abush\AppData\Local\Programs\Python\Python310\lib\site-packages\django\db\models\sql\query.py", line 559, in get_count
    return obj.get_aggregation(using, ["__count"])["__count"]
  File "C:\Users\abush\AppData\Local\Programs\Python\Python310\lib\site-packages\django\db\models\sql\query.py", line 544, in get_aggregation
    result = compiler.execute_sql(SINGLE)
  File "C:\Users\abush\AppData\Local\Programs\Python\Python310\lib\site-packages\django\db\models\sql\compiler.py", line 1398, in execute_sql
    cursor.execute(sql, params)
  File "C:\Users\abush\AppData\Local\Programs\Python\Python310\lib\site-packages\django\db\backends\utils.py", line 103, in execute
    return super().execute(sql, params)
  File "C:\Users\abush\AppData\Local\Programs\Python\Python310\lib\site-packages\django\db\backends\utils.py", line 67, in execute
    return self._execute_with_wrappers(
  File "C:\Users\abush\AppData\Local\Programs\Python\Python310\lib\site-packages\django\db\backends\utils.py", line 80, in _execute_with_wrappers
    return executor(sql, params, many, context)
  File "C:\Users\abush\AppData\Local\Programs\Python\Python310\lib\site-packages\django\db\backends\utils.py", line 84, in _execute
    with self.db.wrap_database_errors:
  File "C:\Users\abush\AppData\Local\Programs\Python\Python310\lib\site-packages\django\db\utils.py", line 91, in __exit__
    raise dj_exc_value.with_traceback(traceback) from exc_value
  File "C:\Users\abush\AppData\Local\Programs\Python\Python310\lib\site-packages\django\db\backends\utils.py", line 89, in _execute
    return self.cursor.execute(sql, params)
django.db.utils.ProgrammingError: ОШИБКА:  отношение "fanat_chapter" не существует
LINE 1: SELECT COUNT(*) AS "__count" FROM "fanat_chapter"
                                          ^

Watching for file changes with StatReloader
D:\desktop\monogatari\monogatari_backend\worker\models.py changed, reloading.
Watching for file changes with StatReloader
D:\desktop\monogatari\monogatari_backend\worker\models.py changed, reloading.
Watching for file changes with StatReloader
D:\desktop\monogatari\monogatari_backend\worker\models.py changed, reloading.
Watching for file changes with StatReloader
Watching for file changes with StatReloader
D:\desktop\monogatari\monogatari_backend\worker\admin.py changed, reloading.
Watching for file changes with StatReloader
D:\desktop\monogatari\monogatari_backend\worker\admin.py changed, reloading.
Watching for file changes with StatReloader
D:\desktop\monogatari\monogatari_backend\worker\admin.py changed, reloading.
Watching for file changes with StatReloader
D:\desktop\monogatari\monogatari_backend\worker\admin.py changed, reloading.
Watching for file changes with StatReloader
D:\desktop\monogatari\monogatari_backend\worker\admin.py changed, reloading.
Watching for file changes with StatReloader
D:\desktop\monogatari\monogatari_backend\worker\admin.py changed, reloading.
Watching for file changes with StatReloader
D:\desktop\monogatari\monogatari_backend\worker\admin.py changed, reloading.
Watching for file changes with StatReloader
D:\desktop\monogatari\monogatari_backend\worker\admin.py changed, reloading.
Watching for file changes with StatReloader
D:\desktop\monogatari\monogatari_backend\worker\admin.py changed, reloading.
Watching for file changes with StatReloader
D:\desktop\monogatari\monogatari_backend\worker\admin.py changed, reloading.
Watching for file changes with StatReloader
D:\desktop\monogatari\monogatari_backend\worker\admin.py changed, reloading.
Watching for file changes with StatReloader
D:\desktop\monogatari\monogatari_backend\worker\admin.py changed, reloading.
Watching for file changes with StatReloader
D:\desktop\monogatari\monogatari_backend\worker\admin.py changed, reloading.
Watching for file changes with StatReloader
D:\desktop\monogatari\monogatari_backend\worker\admin.py changed, reloading.
Watching for file changes with StatReloader
D:\desktop\monogatari\monogatari_backend\worker\admin.py changed, reloading.
Watching for file changes with StatReloader
D:\desktop\monogatari\monogatari_backend\worker\admin.py changed, reloading.
Watching for file changes with StatReloader
D:\desktop\monogatari\monogatari_backend\worker\admin.py changed, reloading.
Watching for file changes with StatReloader
D:\desktop\monogatari\monogatari_backend\worker\admin.py changed, reloading.
Watching for file changes with StatReloader
D:\desktop\monogatari\monogatari_backend\worker\admin.py changed, reloading.
Watching for file changes with StatReloader
D:\desktop\monogatari\monogatari_backend\worker\admin.py changed, reloading.
Watching for file changes with StatReloader
D:\desktop\monogatari\monogatari_backend\worker\admin.py changed, reloading.
Watching for file changes with StatReloader
D:\desktop\monogatari\monogatari_backend\worker\admin.py changed, reloading.
Watching for file changes with StatReloader
D:\desktop\monogatari\monogatari_backend\worker\admin.py changed, reloading.
Watching for file changes with StatReloader
D:\desktop\monogatari\monogatari_backend\worker\admin.py changed, reloading.
Watching for file changes with StatReloader
D:\desktop\monogatari\monogatari_backend\worker\admin.py changed, reloading.
Watching for file changes with StatReloader
D:\desktop\monogatari\monogatari_backend\worker\models.py changed, reloading.
Watching for file changes with StatReloader
D:\desktop\monogatari\monogatari_backend\worker\models.py changed, reloading.
Watching for file changes with StatReloader
Watching for file changes with StatReloader
D:\desktop\monogatari\monogatari_backend\worker\admin.py changed, reloading.
Watching for file changes with StatReloader
D:\desktop\monogatari\monogatari_backend\worker\admin.py changed, reloading.
Watching for file changes with StatReloader
D:\desktop\monogatari\monogatari_backend\worker\admin.py changed, reloading.
Watching for file changes with StatReloader
D:\desktop\monogatari\monogatari_backend\worker\admin.py changed, reloading.
Watching for file changes with StatReloader
D:\desktop\monogatari\monogatari_backend\worker\admin.py changed, reloading.
Watching for file changes with StatReloader
D:\desktop\monogatari\monogatari_backend\worker\admin.py changed, reloading.
Watching for file changes with StatReloader
D:\desktop\monogatari\monogatari_backend\worker\admin.py changed, reloading.
Watching for file changes with StatReloader
D:\desktop\monogatari\monogatari_backend\worker\admin.py changed, reloading.
Watching for file changes with StatReloader
D:\desktop\monogatari\monogatari_backend\worker\admin.py changed, reloading.
Watching for file changes with StatReloader
D:\desktop\monogatari\monogatari_backend\worker\admin.py changed, reloading.
Watching for file changes with StatReloader
D:\desktop\monogatari\monogatari_backend\monogatari_backend\urls.py changed, reloading.
Watching for file changes with StatReloader
D:\desktop\monogatari\monogatari_backend\monogatari_backend\urls.py changed, reloading.
Watching for file changes with StatReloader
Watching for file changes with StatReloader
D:\desktop\monogatari\monogatari_backend\monogatari_backend\urls.py changed, reloading.
Watching for file changes with StatReloader
D:\desktop\monogatari\monogatari_backend\monogatari_backend\urls.py changed, reloading.
Watching for file changes with StatReloader
D:\desktop\monogatari\monogatari_backend\worker\urls.py changed, reloading.
Watching for file changes with StatReloader
D:\desktop\monogatari\monogatari_backend\worker\views.py changed, reloading.
Watching for file changes with StatReloader
D:\desktop\monogatari\monogatari_backend\worker\serializers.py changed, reloading.
Watching for file changes with StatReloader
D:\desktop\monogatari\monogatari_backend\monogatari_backend\settings.py changed, reloading.
Watching for file changes with StatReloader
D:\desktop\monogatari\monogatari_backend\worker\views.py changed, reloading.
Watching for file changes with StatReloader
Internal Server Error: /api/series
Traceback (most recent call last):
  File "C:\Users\abush\AppData\Local\Programs\Python\Python310\lib\site-packages\django\core\handlers\exception.py", line 55, in inner
    response = get_response(request)
  File "C:\Users\abush\AppData\Local\Programs\Python\Python310\lib\site-packages\django\utils\deprecation.py", line 135, in __call__
    response = self.process_request(request)
  File "C:\Users\abush\AppData\Local\Programs\Python\Python310\lib\site-packages\django\middleware\common.py", line 54, in process_request
    path = self.get_full_path_with_slash(request)
  File "C:\Users\abush\AppData\Local\Programs\Python\Python310\lib\site-packages\django\middleware\common.py", line 88, in get_full_path_with_slash
    raise RuntimeError(
RuntimeError: You called this URL via POST, but the URL doesn't end in a slash and you have APPEND_SLASH set. Django can't redirect to the slash URL while maintaining POST data. Change your form to point to 127.0.0.1:8000/api/series/ (note the trailing slash), or set APPEND_SLASH=False in your Django settings.
Method Not Allowed: /api/series/
D:\desktop\monogatari\monogatari_backend\worker\urls.py changed, reloading.
Watching for file changes with StatReloader
D:\desktop\monogatari\monogatari_backend\worker\urls.py changed, reloading.
Watching for file changes with StatReloader
D:\desktop\monogatari\monogatari_backend\worker\views.py changed, reloading.
Watching for file changes with StatReloader
D:\desktop\monogatari\monogatari_backend\worker\views.py changed, reloading.
Watching for file changes with StatReloader
D:\desktop\monogatari\monogatari_backend\worker\views.py changed, reloading.
Watching for file changes with StatReloader
D:\desktop\monogatari\monogatari_backend\worker\views.py changed, reloading.
Watching for file changes with StatReloader
Unauthorized: /api/series/
Unauthorized: /api/series/
D:\desktop\monogatari\monogatari_backend\worker\serializers.py changed, reloading.
Watching for file changes with StatReloader
D:\desktop\monogatari\monogatari_backend\worker\views.py changed, reloading.
Watching for file changes with StatReloader
D:\desktop\monogatari\monogatari_backend\worker\urls.py changed, reloading.
Watching for file changes with StatReloader
D:\desktop\monogatari\monogatari_backend\worker\urls.py changed, reloading.
Watching for file changes with StatReloader
D:\desktop\monogatari\monogatari_backend\worker\views.py changed, reloading.
Watching for file changes with StatReloader
D:\desktop\monogatari\monogatari_backend\worker\views.py changed, reloading.
Watching for file changes with StatReloader
D:\desktop\monogatari\monogatari_backend\worker\views.py changed, reloading.
Watching for file changes with StatReloader
D:\desktop\monogatari\monogatari_backend\worker\views.py changed, reloading.
Watching for file changes with StatReloader
D:\desktop\monogatari\monogatari_backend\worker\views.py changed, reloading.
Watching for file changes with StatReloader
D:\desktop\monogatari\monogatari_backend\worker\views.py changed, reloading.
Watching for file changes with StatReloader
D:\desktop\monogatari\monogatari_backend\worker\views.py changed, reloading.
Watching for file changes with StatReloader
Internal Server Error: /api/series/status/
Traceback (most recent call last):
  File "C:\Users\abush\AppData\Local\Programs\Python\Python310\lib\site-packages\django\core\handlers\exception.py", line 55, in inner
    response = get_response(request)
  File "C:\Users\abush\AppData\Local\Programs\Python\Python310\lib\site-packages\django\core\handlers\base.py", line 220, in _get_response
    response = response.render()
  File "C:\Users\abush\AppData\Local\Programs\Python\Python310\lib\site-packages\django\template\response.py", line 114, in render
    self.content = self.rendered_content
  File "C:\Users\abush\AppData\Local\Programs\Python\Python310\lib\site-packages\rest_framework\response.py", line 70, in rendered_content
    ret = renderer.render(self.data, accepted_media_type, context)
  File "C:\Users\abush\AppData\Local\Programs\Python\Python310\lib\site-packages\rest_framework\renderers.py", line 99, in render
    ret = json.dumps(
  File "C:\Users\abush\AppData\Local\Programs\Python\Python310\lib\site-packages\rest_framework\utils\json.py", line 25, in dumps
    return json.dumps(*args, **kwargs)
  File "C:\Users\abush\AppData\Local\Programs\Python\Python310\lib\json\__init__.py", line 238, in dumps
    **kw).encode(obj)
  File "C:\Users\abush\AppData\Local\Programs\Python\Python310\lib\json\encoder.py", line 199, in encode
    chunks = self.iterencode(o, _one_shot=True)
  File "C:\Users\abush\AppData\Local\Programs\Python\Python310\lib\json\encoder.py", line 257, in iterencode
    return _iterencode(o, 0)
  File "C:\Users\abush\AppData\Local\Programs\Python\Python310\lib\site-packages\rest_framework\utils\encoders.py", line 67, in default
    return super().default(obj)
  File "C:\Users\abush\AppData\Local\Programs\Python\Python310\lib\json\encoder.py", line 179, in default
    raise TypeError(f'Object of type {o.__class__.__name__} '
TypeError: Object of type Season is not JSON serializable
D:\desktop\monogatari\monogatari_backend\worker\views.py changed, reloading.
Watching for file changes with StatReloader
D:\desktop\monogatari\monogatari_backend\worker\views.py changed, reloading.
Watching for file changes with StatReloader
Internal Server Error: /api/series/status/
Traceback (most recent call last):
  File "C:\Users\abush\AppData\Local\Programs\Python\Python310\lib\site-packages\django\core\handlers\exception.py", line 55, in inner
    response = get_response(request)
  File "C:\Users\abush\AppData\Local\Programs\Python\Python310\lib\site-packages\django\core\handlers\base.py", line 220, in _get_response
    response = response.render()
  File "C:\Users\abush\AppData\Local\Programs\Python\Python310\lib\site-packages\django\template\response.py", line 114, in render
    self.content = self.rendered_content
  File "C:\Users\abush\AppData\Local\Programs\Python\Python310\lib\site-packages\rest_framework\response.py", line 70, in rendered_content
    ret = renderer.render(self.data, accepted_media_type, context)
  File "C:\Users\abush\AppData\Local\Programs\Python\Python310\lib\site-packages\rest_framework\renderers.py", line 99, in render
    ret = json.dumps(
  File "C:\Users\abush\AppData\Local\Programs\Python\Python310\lib\site-packages\rest_framework\utils\json.py", line 25, in dumps
    return json.dumps(*args, **kwargs)
  File "C:\Users\abush\AppData\Local\Programs\Python\Python310\lib\json\__init__.py", line 238, in dumps
    **kw).encode(obj)
  File "C:\Users\abush\AppData\Local\Programs\Python\Python310\lib\json\encoder.py", line 199, in encode
    chunks = self.iterencode(o, _one_shot=True)
  File "C:\Users\abush\AppData\Local\Programs\Python\Python310\lib\json\encoder.py", line 257, in iterencode
    return _iterencode(o, 0)
  File "C:\Users\abush\AppData\Local\Programs\Python\Python310\lib\site-packages\rest_framework\utils\encoders.py", line 67, in default
    return super().default(obj)
  File "C:\Users\abush\AppData\Local\Programs\Python\Python310\lib\json\encoder.py", line 179, in default
    raise TypeError(f'Object of type {o.__class__.__name__} '
TypeError: Object of type Season is not JSON serializable
D:\desktop\monogatari\monogatari_backend\worker\serializers.py changed, reloading.
Watching for file changes with StatReloader
D:\desktop\monogatari\monogatari_backend\worker\views.py changed, reloading.
Watching for file changes with StatReloader
Internal Server Error: /api/series/status/
Traceback (most recent call last):
  File "C:\Users\abush\AppData\Local\Programs\Python\Python310\lib\site-packages\django\core\handlers\exception.py", line 55, in inner
    response = get_response(request)
  File "C:\Users\abush\AppData\Local\Programs\Python\Python310\lib\site-packages\django\core\handlers\base.py", line 220, in _get_response
    response = response.render()
  File "C:\Users\abush\AppData\Local\Programs\Python\Python310\lib\site-packages\django\template\response.py", line 114, in render
    self.content = self.rendered_content
  File "C:\Users\abush\AppData\Local\Programs\Python\Python310\lib\site-packages\rest_framework\response.py", line 70, in rendered_content
    ret = renderer.render(self.data, accepted_media_type, context)
  File "C:\Users\abush\AppData\Local\Programs\Python\Python310\lib\site-packages\rest_framework\renderers.py", line 99, in render
    ret = json.dumps(
  File "C:\Users\abush\AppData\Local\Programs\Python\Python310\lib\site-packages\rest_framework\utils\json.py", line 25, in dumps
    return json.dumps(*args, **kwargs)
  File "C:\Users\abush\AppData\Local\Programs\Python\Python310\lib\json\__init__.py", line 238, in dumps
    **kw).encode(obj)
  File "C:\Users\abush\AppData\Local\Programs\Python\Python310\lib\json\encoder.py", line 199, in encode
    chunks = self.iterencode(o, _one_shot=True)
  File "C:\Users\abush\AppData\Local\Programs\Python\Python310\lib\json\encoder.py", line 257, in iterencode
    return _iterencode(o, 0)
  File "C:\Users\abush\AppData\Local\Programs\Python\Python310\lib\site-packages\rest_framework\utils\encoders.py", line 67, in default
    return super().default(obj)
  File "C:\Users\abush\AppData\Local\Programs\Python\Python310\lib\json\encoder.py", line 179, in default
    raise TypeError(f'Object of type {o.__class__.__name__} '
TypeError: Object of type Season is not JSON serializable
D:\desktop\monogatari\monogatari_backend\worker\views.py changed, reloading.
Watching for file changes with StatReloader
D:\desktop\monogatari\monogatari_backend\worker\serializers.py changed, reloading.
Watching for file changes with StatReloader
D:\desktop\monogatari\monogatari_backend\worker\views.py changed, reloading.
Watching for file changes with StatReloader
Watching for file changes with StatReloader
D:\desktop\monogatari\monogatari_backend\worker\serializers.py changed, reloading.
Watching for file changes with StatReloader
D:\desktop\monogatari\monogatari_backend\worker\serializers.py changed, reloading.
Watching for file changes with StatReloader
D:\desktop\monogatari\monogatari_backend\worker\serializers.py changed, reloading.
Watching for file changes with StatReloader
D:\desktop\monogatari\monogatari_backend\worker\views.py changed, reloading.
Watching for file changes with StatReloader
D:\desktop\monogatari\monogatari_backend\worker\views.py changed, reloading.
Watching for file changes with StatReloader
D:\desktop\monogatari\monogatari_backend\worker\views.py changed, reloading.
Watching for file changes with StatReloader
D:\desktop\monogatari\monogatari_backend\worker\views.py changed, reloading.
Watching for file changes with StatReloader
D:\desktop\monogatari\monogatari_backend\worker\views.py changed, reloading.
Watching for file changes with StatReloader
D:\desktop\monogatari\monogatari_backend\worker\views.py changed, reloading.
Watching for file changes with StatReloader
D:\desktop\monogatari\monogatari_backend\worker\urls.py changed, reloading.
Watching for file changes with StatReloader
D:\desktop\monogatari\monogatari_backend\worker\urls.py changed, reloading.
Watching for file changes with StatReloader
D:\desktop\monogatari\monogatari_backend\worker\urls.py changed, reloading.
Watching for file changes with StatReloader
D:\desktop\monogatari\monogatari_backend\worker\urls.py changed, reloading.
Watching for file changes with StatReloader
D:\desktop\monogatari\monogatari_backend\worker\views.py changed, reloading.
Watching for file changes with StatReloader
D:\desktop\monogatari\monogatari_backend\worker\urls.py changed, reloading.
Watching for file changes with StatReloader
D:\desktop\monogatari\monogatari_backend\worker\urls.py changed, reloading.
Watching for file changes with StatReloader
D:\desktop\monogatari\monogatari_backend\worker\models.py changed, reloading.
Watching for file changes with StatReloader
D:\desktop\monogatari\monogatari_backend\worker\models.py changed, reloading.
Watching for file changes with StatReloader
D:\desktop\monogatari\monogatari_backend\worker\models.py changed, reloading.
Watching for file changes with StatReloader
Watching for file changes with StatReloader
D:\desktop\monogatari\monogatari_backend\worker\admin.py changed, reloading.
Watching for file changes with StatReloader
D:\desktop\monogatari\monogatari_backend\worker\admin.py changed, reloading.
Watching for file changes with StatReloader
D:\desktop\monogatari\monogatari_backend\worker\admin.py changed, reloading.
Watching for file changes with StatReloader
D:\desktop\monogatari\monogatari_backend\worker\admin.py changed, reloading.
Watching for file changes with StatReloader
D:\desktop\monogatari\monogatari_backend\worker\admin.py changed, reloading.
Watching for file changes with StatReloader
D:\desktop\monogatari\monogatari_backend\worker\admin.py changed, reloading.
Watching for file changes with StatReloader
D:\desktop\monogatari\monogatari_backend\worker\admin.py changed, reloading.
Watching for file changes with StatReloader
D:\desktop\monogatari\monogatari_backend\worker\views.py changed, reloading.
Watching for file changes with StatReloader
D:\desktop\monogatari\monogatari_backend\worker\views.py changed, reloading.
Watching for file changes with StatReloader
D:\desktop\monogatari\monogatari_backend\worker\admin.py changed, reloading.
Watching for file changes with StatReloader
D:\desktop\monogatari\monogatari_backend\worker\admin.py changed, reloading.
Watching for file changes with StatReloader
Watching for file changes with StatReloader
Unauthorized: /api/auth/token/refresh/
Bad Request: /api/auth/login/
Not Found: /favicon.ico
Bad Request: /api/auth/login/
D:\desktop\monogatari\monogatari_backend\auth_user\admin.py changed, reloading.
Watching for file changes with StatReloader
Watching for file changes with StatReloader
Watching for file changes with StatReloader
D:\desktop\monogatari\monogatari_backend\auth_user\admin.py changed, reloading.
Watching for file changes with StatReloader
Watching for file changes with StatReloader
D:\desktop\monogatari\monogatari_backend\auth_user\admin.py changed, reloading.
Watching for file changes with StatReloader
Watching for file changes with StatReloader
D:\desktop\monogatari\monogatari_backend\auth_user\admin.py changed, reloading.
Watching for file changes with StatReloader
D:\desktop\monogatari\monogatari_backend\monogatari_backend\settings.py changed, reloading.
Watching for file changes with StatReloader
D:\desktop\monogatari\monogatari_backend\monogatari_backend\settings.py changed, reloading.
Watching for file changes with StatReloader
D:\desktop\monogatari\monogatari_backend\monogatari_backend\settings.py changed, reloading.
Watching for file changes with StatReloader
D:\desktop\monogatari\monogatari_backend\monogatari_backend\settings.py changed, reloading.
Watching for file changes with StatReloader
D:\desktop\monogatari\monogatari_backend\monogatari_backend\settings.py changed, reloading.
Watching for file changes with StatReloader
D:\desktop\monogatari\monogatari_backend\monogatari_backend\settings.py changed, reloading.
Watching for file changes with StatReloader
D:\desktop\monogatari\monogatari_backend\monogatari_backend\settings.py changed, reloading.
Watching for file changes with StatReloader
D:\desktop\monogatari\monogatari_backend\monogatari_backend\settings.py changed, reloading.
Watching for file changes with StatReloader
D:\desktop\monogatari\monogatari_backend\monogatari_backend\settings.py changed, reloading.
Watching for file changes with StatReloader
D:\desktop\monogatari\monogatari_backend\monogatari_backend\settings.py changed, reloading.
Watching for file changes with StatReloader
D:\desktop\monogatari\monogatari_backend\monogatari_backend\settings.py changed, reloading.
Watching for file changes with StatReloader
D:\desktop\monogatari\monogatari_backend\monogatari_backend\settings.py changed, reloading.
Watching for file changes with StatReloader
D:\desktop\monogatari\monogatari_backend\monogatari_backend\settings.py changed, reloading.
Watching for file changes with StatReloader
D:\desktop\monogatari\monogatari_backend\monogatari_backend\settings.py changed, reloading.
Watching for file changes with StatReloader
D:\desktop\monogatari\monogatari_backend\monogatari_backend\settings.py changed, reloading.
Watching for file changes with StatReloader
D:\desktop\monogatari\monogatari_backend\monogatari_backend\settings.py changed, reloading.
Watching for file changes with StatReloader
D:\desktop\monogatari\monogatari_backend\monogatari_backend\settings.py changed, reloading.
Watching for file changes with StatReloader
D:\desktop\monogatari\monogatari_backend\monogatari_backend\settings.py changed, reloading.
Watching for file changes with StatReloader
Method Not Allowed: /api/auth/token/refresh/
D:\desktop\monogatari\monogatari_backend\monogatari_backend\settings.py changed, reloading.
Watching for file changes with StatReloader
D:\desktop\monogatari\monogatari_backend\monogatari_backend\settings.py changed, reloading.
Watching for file changes with StatReloader
Watching for file changes with StatReloader
D:\desktop\monogatari\monogatari_backend\auth_user\urls.py changed, reloading.
Watching for file changes with StatReloader
D:\desktop\monogatari\monogatari_backend\auth_user\urls.py changed, reloading.
Watching for file changes with StatReloader
D:\desktop\monogatari\monogatari_backend\auth_user\urls.py changed, reloading.
Watching for file changes with StatReloader
D:\desktop\monogatari\monogatari_backend\auth_user\urls.py changed, reloading.
Watching for file changes with StatReloader
Method Not Allowed: /api/auth/token/blacklist/
Bad Request: /api/auth/token/blacklist/
Bad Request: /api/auth/token/blacklist/
Unauthorized: /api/auth/token/blacklist/
D:\desktop\monogatari\monogatari_backend\monogatari_backend\settings.py changed, reloading.
Watching for file changes with StatReloader
D:\desktop\monogatari\monogatari_backend\monogatari_backend\settings.py changed, reloading.
Watching for file changes with StatReloader
D:\desktop\monogatari\monogatari_backend\monogatari_backend\settings.py changed, reloading.
Watching for file changes with StatReloader
Bad Request: /api/auth/token/verify/
Unauthorized: /api/auth/token/refresh/
Bad Request: /api/auth/token/verify/
Unauthorized: /api/auth/token/refresh/
Bad Request: /api/auth/token/verify/
Unauthorized: /api/auth/token/refresh/
Bad Request: /api/auth/token/verify/
Bad Request: /api/auth/token/verify/
Bad Request: /api/auth/token/verify/
Unauthorized: /api/auth/token/refresh/
Bad Request: /api/auth/token/verify/
Unauthorized: /api/auth/token/refresh/
Bad Request: /api/auth/token/verify/
Unauthorized: /api/auth/token/refresh/
D:\desktop\monogatari\monogatari_backend\monogatari_backend\settings.py changed, reloading.
Watching for file changes with StatReloader
Unauthorized: /api/auth/token/verify/
D:\desktop\monogatari\monogatari_backend\monogatari_backend\settings.py changed, reloading.
Watching for file changes with StatReloader
Bad Request: /api/auth/token/verify/
Unauthorized: /api/auth/token/refresh/
Unauthorized: /api/auth/token/verify/
Unauthorized: /api/auth/token/verify/
Unauthorized: /api/auth/token/verify/
Unauthorized: /api/auth/token/verify/
Unauthorized: /api/auth/token/verify/
Unauthorized: /api/auth/token/verify/
Unauthorized: /api/auth/token/verify/
Unauthorized: /api/auth/token/refresh/
Unauthorized: /api/auth/token/verify/
Unauthorized: /api/auth/token/verify/
Unauthorized: /api/auth/token/refresh/
Unauthorized: /api/auth/token/verify/
Unauthorized: /api/auth/token/refresh/
Unauthorized: /api/auth/token/verify/
Unauthorized: /api/auth/token/refresh/
Unauthorized: /api/auth/token/verify/
Unauthorized: /api/auth/token/refresh/
Unauthorized: /api/auth/token/verify/
Unauthorized: /api/auth/token/refresh/
Unauthorized: /api/auth/token/verify/
Unauthorized: /api/auth/token/refresh/
Unauthorized: /api/auth/token/verify/
Unauthorized: /api/auth/token/refresh/
Unauthorized: /api/auth/token/verify/
Unauthorized: /api/auth/token/refresh/
Unauthorized: /api/auth/token/verify/
Unauthorized: /api/auth/token/refresh/
Unauthorized: /api/auth/token/verify/
Unauthorized: /api/auth/token/refresh/
Unauthorized: /api/auth/token/verify/
Unauthorized: /api/auth/token/refresh/
Unauthorized: /api/auth/token/verify/
Unauthorized: /api/auth/token/refresh/
Unauthorized: /api/auth/token/verify/
Unauthorized: /api/auth/token/refresh/
Unauthorized: /api/auth/token/verify/
Unauthorized: /api/auth/token/refresh/
Unauthorized: /api/auth/token/verify/
Unauthorized: /api/auth/token/refresh/
Unauthorized: /api/auth/token/verify/
Unauthorized: /api/auth/token/refresh/
Unauthorized: /api/auth/token/verify/
Unauthorized: /api/auth/token/refresh/
Unauthorized: /api/auth/token/verify/
Unauthorized: /api/auth/token/refresh/
Unauthorized: /api/auth/token/verify/
Unauthorized: /api/auth/token/refresh/
Bad Request: /api/auth/token/verify/
Unauthorized: /api/auth/token/refresh/
Unauthorized: /api/auth/token/verify/
Unauthorized: /api/auth/token/refresh/
Unauthorized: /api/auth/token/verify/
Unauthorized: /api/auth/token/refresh/
Bad Request: /api/auth/token/verify/
Unauthorized: /api/auth/token/refresh/
Bad Request: /api/auth/token/verify/
Unauthorized: /api/auth/token/refresh/
Bad Request: /api/auth/token/verify/
Unauthorized: /api/auth/token/refresh/
Bad Request: /api/auth/token/verify/
Unauthorized: /api/auth/token/refresh/
Bad Request: /api/auth/token/verify/
Unauthorized: /api/auth/token/refresh/
Bad Request: /api/auth/token/verify/
Unauthorized: /api/auth/token/refresh/
Unauthorized: /api/auth/token/verify/
Unauthorized: /api/auth/token/refresh/
Bad Request: /api/auth/token/verify/
Unauthorized: /api/auth/token/refresh/
Unauthorized: /api/auth/token/verify/
Unauthorized: /api/auth/token/refresh/
Bad Request: /api/auth/token/verify/
Unauthorized: /api/auth/token/refresh/
Unauthorized: /api/auth/token/verify/
Unauthorized: /api/auth/token/refresh/
Bad Request: /api/auth/token/verify/
Unauthorized: /api/auth/token/refresh/
Unauthorized: /api/auth/token/verify/
Unauthorized: /api/auth/token/refresh/
Bad Request: /api/auth/token/verify/
Unauthorized: /api/auth/token/refresh/
Unauthorized: /api/auth/token/verify/
Unauthorized: /api/auth/token/refresh/
Bad Request: /api/auth/token/verify/
Unauthorized: /api/auth/token/refresh/
Unauthorized: /api/auth/token/verify/
Unauthorized: /api/auth/token/refresh/
Bad Request: /api/auth/token/verify/
Unauthorized: /api/auth/token/refresh/
Unauthorized: /api/auth/token/verify/
Unauthorized: /api/auth/token/refresh/
Bad Request: /api/auth/token/verify/
Unauthorized: /api/auth/token/refresh/
Unauthorized: /api/auth/token/verify/
Unauthorized: /api/auth/token/refresh/
Bad Request: /api/auth/token/verify/
Unauthorized: /api/auth/token/refresh/
Unauthorized: /api/auth/token/verify/
Unauthorized: /api/auth/token/refresh/
Unauthorized: /api/auth/token/verify/
Unauthorized: /api/auth/token/refresh/
Bad Request: /api/auth/token/verify/
Unauthorized: /api/auth/token/refresh/
Unauthorized: /api/auth/token/verify/
Unauthorized: /api/auth/token/refresh/
Unauthorized: /api/auth/token/verify/
Unauthorized: /api/auth/token/refresh/
Bad Request: /api/auth/token/verify/
Unauthorized: /api/auth/token/refresh/
Unauthorized: /api/auth/token/verify/
Unauthorized: /api/auth/token/refresh/
Unauthorized: /api/auth/token/verify/
Unauthorized: /api/auth/token/refresh/
Bad Request: /api/auth/token/verify/
Unauthorized: /api/auth/token/refresh/
Unauthorized: /api/auth/token/verify/
Unauthorized: /api/auth/token/refresh/
Unauthorized: /api/auth/token/verify/
Unauthorized: /api/auth/token/refresh/
Bad Request: /api/auth/token/verify/
Unauthorized: /api/auth/token/refresh/
Unauthorized: /api/auth/token/verify/
Unauthorized: /api/auth/token/refresh/
Unauthorized: /api/auth/token/verify/
Unauthorized: /api/auth/token/refresh/
Bad Request: /api/auth/token/verify/
Unauthorized: /api/auth/token/refresh/
Unauthorized: /api/auth/token/verify/
Unauthorized: /api/auth/token/refresh/
Unauthorized: /api/auth/token/verify/
Unauthorized: /api/auth/token/refresh/
Bad Request: /api/auth/token/verify/
Unauthorized: /api/auth/token/refresh/
Unauthorized: /api/auth/token/verify/
Unauthorized: /api/auth/token/refresh/
Unauthorized: /api/auth/token/verify/
Unauthorized: /api/auth/token/refresh/
Bad Request: /api/auth/token/verify/
Unauthorized: /api/auth/token/refresh/
Unauthorized: /api/auth/token/verify/
Unauthorized: /api/auth/token/refresh/
Unauthorized: /api/auth/token/verify/
Bad Request: /api/auth/token/verify/
Unauthorized: /api/auth/token/verify/
Unauthorized: /api/auth/token/refresh/
Unauthorized: /api/auth/token/refresh/
Unauthorized: /api/auth/token/refresh/
Unauthorized: /api/auth/token/verify/
Bad Request: /api/auth/token/verify/
Unauthorized: /api/auth/token/verify/
Unauthorized: /api/auth/token/refresh/
Unauthorized: /api/auth/token/refresh/
Unauthorized: /api/auth/token/refresh/
Unauthorized: /api/auth/token/verify/
Unauthorized: /api/auth/token/refresh/
Bad Request: /api/auth/token/verify/
Unauthorized: /api/auth/token/refresh/
Unauthorized: /api/auth/token/verify/
Unauthorized: /api/auth/token/refresh/
Unauthorized: /api/auth/token/verify/
Unauthorized: /api/auth/token/refresh/
Bad Request: /api/auth/token/verify/
Unauthorized: /api/auth/token/refresh/
Unauthorized: /api/auth/token/verify/
Unauthorized: /api/auth/token/refresh/
Unauthorized: /api/auth/token/verify/
Unauthorized: /api/auth/token/refresh/
Bad Request: /api/auth/token/verify/
Unauthorized: /api/auth/token/refresh/
Unauthorized: /api/auth/token/verify/
Unauthorized: /api/auth/token/refresh/
Unauthorized: /api/auth/token/verify/
Unauthorized: /api/auth/token/refresh/
Bad Request: /api/auth/token/verify/
Unauthorized: /api/auth/token/refresh/
Unauthorized: /api/auth/token/verify/
Unauthorized: /api/auth/token/refresh/
Unauthorized: /api/auth/token/verify/
Unauthorized: /api/auth/token/refresh/
Bad Request: /api/auth/token/verify/
Unauthorized: /api/auth/token/refresh/
Unauthorized: /api/auth/token/verify/
Unauthorized: /api/auth/token/refresh/
Unauthorized: /api/auth/token/verify/
Unauthorized: /api/auth/token/refresh/
Bad Request: /api/auth/token/verify/
Unauthorized: /api/auth/token/refresh/
Bad Request: /api/auth/token/verify/
Unauthorized: /api/auth/token/refresh/
Unauthorized: /api/auth/token/verify/
Unauthorized: /api/auth/token/refresh/
Unauthorized: /api/auth/token/verify/
Unauthorized: /api/auth/token/refresh/
Bad Request: /api/auth/token/verify/
Unauthorized: /api/auth/token/refresh/
Bad Request: /api/auth/token/verify/
Unauthorized: /api/auth/token/refresh/
Bad Request: /api/auth/token/verify/
Unauthorized: /api/auth/token/refresh/
Bad Request: /api/auth/token/verify/
Unauthorized: /api/auth/token/refresh/
Bad Request: /api/auth/token/verify/
Unauthorized: /api/auth/token/refresh/
Bad Request: /api/auth/token/verify/
Unauthorized: /api/auth/token/refresh/
Unauthorized: /api/auth/token/verify/
Unauthorized: /api/auth/token/refresh/
Bad Request: /api/auth/token/verify/
Unauthorized: /api/auth/token/refresh/
Unauthorized: /api/auth/token/verify/
Unauthorized: /api/auth/token/refresh/
Bad Request: /api/auth/token/verify/
Unauthorized: /api/auth/token/refresh/
Unauthorized: /api/auth/token/verify/
Unauthorized: /api/auth/token/refresh/
Bad Request: /api/auth/token/verify/
Unauthorized: /api/auth/token/refresh/
Unauthorized: /api/auth/token/verify/
Unauthorized: /api/auth/token/refresh/
Bad Request: /api/auth/token/verify/
Unauthorized: /api/auth/token/refresh/
Unauthorized: /api/auth/token/verify/
Unauthorized: /api/auth/token/refresh/
Bad Request: /api/auth/token/verify/
Unauthorized: /api/auth/token/refresh/
Unauthorized: /api/auth/token/verify/
Unauthorized: /api/auth/token/refresh/
Bad Request: /api/auth/token/verify/
Unauthorized: /api/auth/token/refresh/
Unauthorized: /api/auth/token/verify/
Unauthorized: /api/auth/token/refresh/
Bad Request: /api/auth/token/verify/
Unauthorized: /api/auth/token/refresh/
Unauthorized: /api/auth/token/verify/
Unauthorized: /api/auth/token/refresh/
Bad Request: /api/auth/token/verify/
Unauthorized: /api/auth/token/refresh/
Bad Request: /api/auth/token/verify/
Unauthorized: /api/auth/token/refresh/
Bad Request: /api/auth/token/verify/
Unauthorized: /api/auth/token/refresh/
Bad Request: /api/auth/token/verify/
Unauthorized: /api/auth/token/refresh/
Bad Request: /api/auth/token/verify/
Unauthorized: /api/auth/token/refresh/
Bad Request: /api/auth/token/verify/
Unauthorized: /api/auth/token/refresh/
Bad Request: /api/auth/token/verify/
Unauthorized: /api/auth/token/refresh/
Unauthorized: /api/auth/token/verify/
Unauthorized: /api/auth/token/refresh/
Bad Request: /api/auth/token/verify/
Unauthorized: /api/auth/token/refresh/
Unauthorized: /api/auth/token/verify/
Unauthorized: /api/auth/token/refresh/
Bad Request: /api/auth/token/verify/
Unauthorized: /api/auth/token/refresh/
Bad Request: /api/auth/token/verify/
Unauthorized: /api/auth/token/refresh/
Bad Request: /api/auth/token/verify/
Unauthorized: /api/auth/token/refresh/
Bad Request: /api/auth/token/verify/
Unauthorized: /api/auth/token/refresh/
Bad Request: /api/auth/token/verify/
Unauthorized: /api/auth/token/refresh/
Unauthorized: /api/auth/token/verify/
Unauthorized: /api/auth/token/refresh/
Bad Request: /api/auth/token/verify/
Unauthorized: /api/auth/token/refresh/
Unauthorized: /api/auth/token/verify/
Unauthorized: /api/auth/token/refresh/
Bad Request: /api/auth/token/verify/
Unauthorized: /api/auth/token/refresh/
Unauthorized: /api/auth/token/verify/
Unauthorized: /api/auth/token/refresh/
Bad Request: /api/auth/token/verify/
Unauthorized: /api/auth/token/refresh/
Unauthorized: /api/auth/token/verify/
Unauthorized: /api/auth/token/refresh/
Bad Request: /api/auth/token/verify/
Unauthorized: /api/auth/token/refresh/
Unauthorized: /api/auth/token/verify/
Bad Request: /api/auth/token/verify/
Unauthorized: /api/auth/token/refresh/
Unauthorized: /api/auth/token/refresh/
Unauthorized: /api/auth/token/verify/
Unauthorized: /api/auth/token/refresh/
Bad Request: /api/auth/token/verify/
Unauthorized: /api/auth/token/refresh/
Unauthorized: /api/auth/token/verify/
Unauthorized: /api/auth/token/refresh/
Bad Request: /api/auth/token/verify/
Unauthorized: /api/auth/token/refresh/
Unauthorized: /api/auth/token/verify/
Unauthorized: /api/auth/token/refresh/
Bad Request: /api/auth/token/verify/
Unauthorized: /api/auth/token/refresh/
Unauthorized: /api/auth/token/verify/
Unauthorized: /api/auth/token/refresh/
Bad Request: /api/auth/token/verify/
Unauthorized: /api/auth/token/refresh/
Unauthorized: /api/auth/token/verify/
Unauthorized: /api/auth/token/refresh/
Bad Request: /api/auth/token/verify/
Unauthorized: /api/auth/token/refresh/
Unauthorized: /api/auth/token/verify/
Unauthorized: /api/auth/token/verify/
Unauthorized: /api/auth/token/refresh/
Unauthorized: /api/auth/token/refresh/
Bad Request: /api/auth/token/verify/
Unauthorized: /api/auth/token/refresh/
Unauthorized: /api/auth/token/verify/
Unauthorized: /api/auth/token/refresh/
Unauthorized: /api/auth/token/verify/
Bad Request: /api/auth/token/verify/
Unauthorized: /api/auth/token/refresh/
Unauthorized: /api/auth/token/refresh/
Unauthorized: /api/auth/token/verify/
Unauthorized: /api/auth/token/refresh/
Unauthorized: /api/auth/token/verify/
Unauthorized: /api/auth/token/refresh/
Unauthorized: /api/auth/token/verify/
Unauthorized: /api/auth/token/refresh/
Unauthorized: /api/auth/token/verify/
Unauthorized: /api/auth/token/refresh/
Unauthorized: /api/auth/token/verify/
Unauthorized: /api/auth/token/refresh/
Unauthorized: /api/auth/token/verify/
Unauthorized: /api/auth/token/refresh/
Unauthorized: /api/auth/token/verify/
Bad Request: /api/auth/token/verify/
Unauthorized: /api/auth/token/verify/
Unauthorized: /api/auth/token/refresh/
Unauthorized: /api/auth/token/refresh/
Unauthorized: /api/auth/token/refresh/
Unauthorized: /api/auth/token/verify/
Unauthorized: /api/auth/token/refresh/
Unauthorized: /api/auth/token/verify/
Unauthorized: /api/auth/token/refresh/
Bad Request: /api/auth/token/verify/
Unauthorized: /api/auth/token/refresh/
Bad Request: /api/auth/token/verify/
Unauthorized: /api/auth/token/refresh/
Bad Request: /api/auth/token/verify/
Unauthorized: /api/auth/token/refresh/
Bad Request: /api/auth/token/verify/
Unauthorized: /api/auth/token/refresh/
Bad Request: /api/auth/token/verify/
Unauthorized: /api/auth/token/refresh/
Unauthorized: /api/auth/token/verify/
Unauthorized: /api/auth/token/refresh/
Bad Request: /api/auth/token/verify/
Unauthorized: /api/auth/token/refresh/
Unauthorized: /api/auth/token/verify/
Unauthorized: /api/auth/token/refresh/
Bad Request: /api/auth/token/verify/
Unauthorized: /api/auth/token/refresh/
Unauthorized: /api/auth/token/verify/
Unauthorized: /api/auth/token/refresh/
Bad Request: /api/auth/token/verify/
Unauthorized: /api/auth/token/refresh/
Unauthorized: /api/auth/token/verify/
Unauthorized: /api/auth/token/refresh/
Bad Request: /api/auth/token/verify/
Unauthorized: /api/auth/token/refresh/
Unauthorized: /api/auth/token/verify/
Unauthorized: /api/auth/token/refresh/
Bad Request: /api/auth/token/verify/
Unauthorized: /api/auth/token/refresh/
Unauthorized: /api/auth/token/verify/
Unauthorized: /api/auth/token/refresh/
Bad Request: /api/auth/token/verify/
Unauthorized: /api/auth/token/refresh/
Unauthorized: /api/auth/token/verify/
Unauthorized: /api/auth/token/refresh/
Bad Request: /api/auth/token/verify/
Unauthorized: /api/auth/token/refresh/
Unauthorized: /api/auth/token/verify/
Unauthorized: /api/auth/token/refresh/
Bad Request: /api/auth/token/verify/
Unauthorized: /api/auth/token/refresh/
Unauthorized: /api/auth/token/verify/
Unauthorized: /api/auth/token/refresh/
Bad Request: /api/auth/token/verify/
Unauthorized: /api/auth/token/refresh/
Unauthorized: /api/auth/token/verify/
Unauthorized: /api/auth/token/refresh/
Bad Request: /api/auth/token/verify/
Unauthorized: /api/auth/token/refresh/
Unauthorized: /api/auth/token/verify/
Unauthorized: /api/auth/token/refresh/
Bad Request: /api/auth/token/verify/
Unauthorized: /api/auth/token/refresh/
Unauthorized: /api/auth/token/verify/
Unauthorized: /api/auth/token/refresh/
Bad Request: /api/auth/token/verify/
Unauthorized: /api/auth/token/refresh/
Unauthorized: /api/auth/token/verify/
Unauthorized: /api/auth/token/refresh/
Unauthorized: /api/auth/token/verify/
Unauthorized: /api/auth/token/refresh/
Bad Request: /api/auth/token/verify/
Unauthorized: /api/auth/token/refresh/
Bad Request: /api/auth/token/verify/
Unauthorized: /api/auth/token/refresh/
Bad Request: /api/auth/token/verify/
Unauthorized: /api/auth/token/refresh/
Bad Request: /api/auth/token/verify/
Unauthorized: /api/auth/token/refresh/
Bad Request: /api/auth/token/verify/
Unauthorized: /api/auth/token/refresh/
Bad Request: /api/auth/token/verify/
Unauthorized: /api/auth/token/refresh/
Unauthorized: /api/auth/token/verify/
Unauthorized: /api/auth/token/refresh/
Bad Request: /api/auth/token/verify/
Unauthorized: /api/auth/token/refresh/
Unauthorized: /api/auth/token/verify/
Unauthorized: /api/auth/token/refresh/
Bad Request: /api/auth/token/verify/
Unauthorized: /api/auth/token/refresh/
Unauthorized: /api/auth/token/verify/
Unauthorized: /api/auth/token/refresh/
Bad Request: /api/auth/token/verify/
Unauthorized: /api/auth/token/refresh/
Unauthorized: /api/auth/token/verify/
Unauthorized: /api/auth/token/refresh/
Bad Request: /api/auth/token/verify/
Unauthorized: /api/auth/token/refresh/
Unauthorized: /api/auth/token/verify/
Unauthorized: /api/auth/token/refresh/
Bad Request: /api/auth/token/verify/
Unauthorized: /api/auth/token/refresh/
Unauthorized: /api/auth/token/verify/
Unauthorized: /api/auth/token/refresh/
Bad Request: /api/auth/token/verify/
Unauthorized: /api/auth/token/refresh/
Unauthorized: /api/auth/token/verify/
Unauthorized: /api/auth/token/refresh/
Bad Request: /api/auth/token/verify/
Unauthorized: /api/auth/token/refresh/
Unauthorized: /api/auth/token/verify/
Unauthorized: /api/auth/token/refresh/
Bad Request: /api/auth/token/verify/
Unauthorized: /api/auth/token/refresh/
Unauthorized: /api/auth/token/verify/
Unauthorized: /api/auth/token/refresh/
Bad Request: /api/auth/token/verify/
Unauthorized: /api/auth/token/refresh/
Unauthorized: /api/auth/token/verify/
Unauthorized: /api/auth/token/refresh/
Bad Request: /api/auth/token/verify/
Unauthorized: /api/auth/token/refresh/
Unauthorized: /api/auth/token/verify/
Unauthorized: /api/auth/token/refresh/
Bad Request: /api/auth/token/verify/
Unauthorized: /api/auth/token/refresh/
Unauthorized: /api/auth/token/verify/
Unauthorized: /api/auth/token/refresh/
Bad Request: /api/auth/token/verify/
Unauthorized: /api/auth/token/refresh/
Unauthorized: /api/auth/token/verify/
Unauthorized: /api/auth/token/refresh/
Bad Request: /api/auth/token/verify/
Unauthorized: /api/auth/token/refresh/
Unauthorized: /api/auth/token/verify/
Unauthorized: /api/auth/token/refresh/
Bad Request: /api/auth/token/verify/
Unauthorized: /api/auth/token/refresh/
Unauthorized: /api/auth/token/verify/
Unauthorized: /api/auth/token/refresh/
Bad Request: /api/auth/token/verify/
Unauthorized: /api/auth/token/refresh/
Unauthorized: /api/auth/token/verify/
Unauthorized: /api/auth/token/refresh/
Bad Request: /api/auth/token/verify/
Unauthorized: /api/auth/token/refresh/
Unauthorized: /api/auth/token/verify/
Unauthorized: /api/auth/token/refresh/
Bad Request: /api/auth/token/verify/
Unauthorized: /api/auth/token/refresh/
Unauthorized: /api/auth/token/verify/
Unauthorized: /api/auth/token/refresh/
Bad Request: /api/auth/token/verify/
Unauthorized: /api/auth/token/refresh/
Unauthorized: /api/auth/token/verify/
Unauthorized: /api/auth/token/refresh/
Bad Request: /api/auth/token/verify/
Unauthorized: /api/auth/token/verify/
Unauthorized: /api/auth/token/refresh/
Unauthorized: /api/auth/token/refresh/
Unauthorized: /api/auth/token/verify/
Bad Request: /api/auth/token/verify/
Unauthorized: /api/auth/token/refresh/
Unauthorized: /api/auth/token/refresh/
Bad Request: /api/auth/token/verify/
Unauthorized: /api/auth/token/verify/
Unauthorized: /api/auth/token/refresh/
Unauthorized: /api/auth/token/refresh/
Bad Request: /api/auth/token/verify/
Unauthorized: /api/auth/token/verify/
Unauthorized: /api/auth/token/refresh/
Unauthorized: /api/auth/token/refresh/
Bad Request: /api/auth/token/verify/
Unauthorized: /api/auth/token/verify/
Unauthorized: /api/auth/token/refresh/
Unauthorized: /api/auth/token/refresh/
Bad Request: /api/auth/token/verify/
Unauthorized: /api/auth/token/verify/
Unauthorized: /api/auth/token/refresh/
Unauthorized: /api/auth/token/refresh/
Bad Request: /api/auth/token/verify/
Unauthorized: /api/auth/token/verify/
Unauthorized: /api/auth/token/refresh/
Unauthorized: /api/auth/token/refresh/
Bad Request: /api/auth/token/verify/
Unauthorized: /api/auth/token/verify/
Unauthorized: /api/auth/token/refresh/
Unauthorized: /api/auth/token/refresh/
Bad Request: /api/auth/token/verify/
Unauthorized: /api/auth/token/verify/
Unauthorized: /api/auth/token/refresh/
Unauthorized: /api/auth/token/refresh/
Bad Request: /api/auth/token/verify/
Unauthorized: /api/auth/token/verify/
Unauthorized: /api/auth/token/refresh/
Unauthorized: /api/auth/token/refresh/
Bad Request: /api/auth/token/verify/
Unauthorized: /api/auth/token/refresh/
Unauthorized: /api/auth/token/verify/
Unauthorized: /api/auth/token/refresh/
Bad Request: /api/auth/token/verify/
Unauthorized: /api/auth/token/refresh/
Unauthorized: /api/auth/token/verify/
Unauthorized: /api/auth/token/refresh/
Bad Request: /api/auth/token/verify/
Unauthorized: /api/auth/token/refresh/
Unauthorized: /api/auth/token/verify/
Unauthorized: /api/auth/token/refresh/
Bad Request: /api/auth/token/verify/
Unauthorized: /api/auth/token/refresh/
Unauthorized: /api/auth/token/verify/
Unauthorized: /api/auth/token/verify/
Unauthorized: /api/auth/token/refresh/
Bad Request: /api/auth/token/verify/
Unauthorized: /api/auth/token/refresh/
Unauthorized: /api/auth/token/verify/
Unauthorized: /api/auth/token/refresh/
Bad Request: /api/auth/token/verify/
Unauthorized: /api/auth/token/refresh/
Unauthorized: /api/auth/token/verify/
Unauthorized: /api/auth/token/refresh/
Bad Request: /api/auth/token/verify/
Unauthorized: /api/auth/token/refresh/
Unauthorized: /api/auth/token/verify/
Unauthorized: /api/auth/token/refresh/
Bad Request: /api/auth/token/verify/
Unauthorized: /api/auth/token/refresh/
Unauthorized: /api/auth/token/verify/
Unauthorized: /api/auth/token/refresh/
Bad Request: /api/auth/token/verify/
Unauthorized: /api/auth/token/refresh/
Unauthorized: /api/auth/token/verify/
Unauthorized: /api/auth/token/refresh/
Bad Request: /api/auth/token/verify/
Unauthorized: /api/auth/token/refresh/
Unauthorized: /api/auth/token/verify/
Unauthorized: /api/auth/token/refresh/
Bad Request: /api/auth/token/verify/
Unauthorized: /api/auth/token/refresh/
Unauthorized: /api/auth/token/verify/
Unauthorized: /api/auth/token/refresh/
Bad Request: /api/auth/token/verify/
Unauthorized: /api/auth/token/refresh/
Unauthorized: /api/auth/token/verify/
Unauthorized: /api/auth/token/refresh/
Bad Request: /api/auth/token/verify/
Unauthorized: /api/auth/token/refresh/
Unauthorized: /api/auth/token/verify/
Unauthorized: /api/auth/token/refresh/
Bad Request: /api/auth/token/verify/
Unauthorized: /api/auth/token/refresh/
Unauthorized: /api/auth/token/verify/
Unauthorized: /api/auth/token/verify/
Unauthorized: /api/auth/token/refresh/
Unauthorized: /api/auth/token/verify/
Unauthorized: /api/auth/token/verify/
Unauthorized: /api/auth/token/verify/
Unauthorized: /api/auth/token/verify/
Unauthorized: /api/auth/token/verify/
Unauthorized: /api/auth/token/verify/
Unauthorized: /api/auth/token/verify/
Unauthorized: /api/auth/token/verify/
Unauthorized: /api/auth/token/verify/
Unauthorized: /api/auth/token/verify/
Unauthorized: /api/auth/token/verify/
Unauthorized: /api/auth/token/verify/
Unauthorized: /api/auth/token/verify/
Unauthorized: /api/auth/token/verify/
Unauthorized: /api/auth/token/verify/
Unauthorized: /api/auth/token/verify/
Unauthorized: /api/auth/token/verify/
Unauthorized: /api/auth/token/verify/
Unauthorized: /api/auth/token/verify/
Unauthorized: /api/auth/token/verify/
Unauthorized: /api/auth/token/verify/
Unauthorized: /api/auth/token/verify/
Unauthorized: /api/auth/token/verify/
Unauthorized: /api/auth/token/verify/
Unauthorized: /api/auth/token/verify/
Unauthorized: /api/auth/token/verify/
Unauthorized: /api/auth/token/verify/
Unauthorized: /api/auth/token/verify/
Unauthorized: /api/auth/token/verify/
Unauthorized: /api/auth/token/verify/
Unauthorized: /api/auth/token/verify/
Unauthorized: /api/auth/token/verify/
Unauthorized: /api/auth/token/verify/
Unauthorized: /api/auth/token/verify/
Unauthorized: /api/auth/token/verify/
Unauthorized: /api/auth/token/verify/
Unauthorized: /api/auth/token/verify/
Unauthorized: /api/auth/token/verify/
Unauthorized: /api/auth/token/verify/
Unauthorized: /api/auth/token/verify/
Unauthorized: /api/auth/token/verify/
Unauthorized: /api/auth/token/verify/
Unauthorized: /api/auth/token/verify/
Unauthorized: /api/auth/token/verify/
Unauthorized: /api/auth/token/verify/
Unauthorized: /api/auth/token/verify/
Unauthorized: /api/auth/token/verify/
Unauthorized: /api/auth/token/verify/
Unauthorized: /api/auth/token/verify/
Unauthorized: /api/auth/token/verify/
Unauthorized: /api/auth/token/verify/
Unauthorized: /api/auth/token/verify/
Unauthorized: /api/auth/token/verify/
Unauthorized: /api/auth/token/verify/
Unauthorized: /api/auth/token/verify/
Unauthorized: /api/auth/token/verify/
Unauthorized: /api/auth/token/verify/
Unauthorized: /api/auth/token/verify/
Unauthorized: /api/auth/token/verify/
Unauthorized: /api/auth/token/verify/
Unauthorized: /api/auth/token/verify/
Unauthorized: /api/auth/token/verify/
Unauthorized: /api/auth/token/verify/
Unauthorized: /api/auth/token/verify/
Unauthorized: /api/auth/token/verify/
Unauthorized: /api/auth/token/verify/
Unauthorized: /api/auth/token/verify/
Unauthorized: /api/auth/token/verify/
Unauthorized: /api/auth/token/verify/
Unauthorized: /api/auth/token/verify/
Unauthorized: /api/auth/token/verify/
Unauthorized: /api/auth/token/verify/
Unauthorized: /api/auth/token/verify/
Unauthorized: /api/auth/token/verify/
Unauthorized: /api/auth/token/verify/
Unauthorized: /api/auth/token/verify/
Unauthorized: /api/auth/token/verify/
Unauthorized: /api/auth/token/verify/
Unauthorized: /api/auth/token/verify/
Unauthorized: /api/auth/token/verify/
Unauthorized: /api/auth/token/verify/
Unauthorized: /api/auth/token/verify/
Unauthorized: /api/auth/token/verify/
Unauthorized: /api/auth/token/verify/
Unauthorized: /api/auth/token/verify/
Unauthorized: /api/auth/token/verify/
Unauthorized: /api/auth/token/verify/
Unauthorized: /api/auth/token/verify/
Unauthorized: /api/auth/token/verify/
Unauthorized: /api/auth/token/verify/
Unauthorized: /api/auth/token/verify/
Unauthorized: /api/auth/token/verify/
Unauthorized: /api/auth/token/verify/
Unauthorized: /api/auth/token/verify/
Unauthorized: /api/auth/token/verify/
Unauthorized: /api/auth/token/verify/
Unauthorized: /api/auth/token/verify/
Unauthorized: /api/auth/token/verify/
Unauthorized: /api/auth/token/verify/
Unauthorized: /api/auth/token/verify/
Unauthorized: /api/auth/token/verify/
Unauthorized: /api/auth/token/verify/
Unauthorized: /api/auth/token/verify/
Unauthorized: /api/auth/token/verify/
Unauthorized: /api/auth/token/verify/
Unauthorized: /api/auth/token/verify/
Bad Request: /api/auth/token/verify/
Unauthorized: /api/auth/token/verify/
Bad Request: /api/auth/token/verify/
Unauthorized: /api/auth/token/verify/
Bad Request: /api/auth/token/verify/
Unauthorized: /api/auth/token/verify/
Bad Request: /api/auth/token/verify/
Bad Request: /api/auth/token/verify/
Unauthorized: /api/auth/token/verify/
Bad Request: /api/auth/token/verify/
Bad Request: /api/auth/token/verify/
Bad Request: /api/auth/token/verify/
Bad Request: /api/auth/token/verify/
Bad Request: /api/auth/token/verify/
Bad Request: /api/auth/token/verify/
Bad Request: /api/auth/token/verify/
Bad Request: /api/auth/token/verify/
Bad Request: /api/auth/token/verify/
Bad Request: /api/auth/token/verify/
Bad Request: /api/auth/token/verify/
Bad Request: /api/auth/token/verify/
Bad Request: /api/auth/token/verify/
Bad Request: /api/auth/token/verify/
Bad Request: /api/auth/token/verify/
Bad Request: /api/auth/token/verify/
Bad Request: /api/auth/token/verify/
Bad Request: /api/auth/token/verify/
Bad Request: /api/auth/token/verify/
Bad Request: /api/auth/token/verify/
Bad Request: /api/auth/token/verify/
Bad Request: /api/auth/token/verify/
Bad Request: /api/auth/token/verify/
Bad Request: /api/auth/token/verify/
Bad Request: /api/auth/token/verify/
Bad Request: /api/auth/token/verify/
Bad Request: /api/auth/token/verify/
Bad Request: /api/auth/token/verify/
Bad Request: /api/auth/token/verify/
Bad Request: /api/auth/token/verify/
Bad Request: /api/auth/token/verify/
Bad Request: /api/auth/token/verify/
Bad Request: /api/auth/token/verify/
Bad Request: /api/auth/token/verify/
Bad Request: /api/auth/token/verify/
Bad Request: /api/auth/token/verify/
Bad Request: /api/auth/token/verify/
Bad Request: /api/auth/token/verify/
Bad Request: /api/auth/token/verify/
Bad Request: /api/auth/token/verify/
Bad Request: /api/auth/token/verify/
Bad Request: /api/auth/token/verify/
Bad Request: /api/auth/token/verify/
Bad Request: /api/auth/token/verify/
Bad Request: /api/auth/token/verify/
Bad Request: /api/auth/token/verify/
Bad Request: /api/auth/token/verify/
Bad Request: /api/auth/token/verify/
Bad Request: /api/auth/token/verify/
Bad Request: /api/auth/token/verify/
Bad Request: /api/auth/token/verify/
Bad Request: /api/auth/token/verify/
Bad Request: /api/auth/token/verify/
Bad Request: /api/auth/token/verify/
Unauthorized: /api/auth/token/verify/
Bad Request: /api/auth/token/verify/
Bad Request: /api/auth/token/verify/
Unauthorized: /api/auth/token/verify/
Unauthorized: /api/auth/token/verify/
Unauthorized: /api/auth/token/verify/
Unauthorized: /api/auth/token/verify/
Unauthorized: /api/auth/token/verify/
Bad Request: /api/auth/token/verify/
Bad Request: /api/auth/token/verify/
Bad Request: /api/auth/token/verify/
Bad Request: /api/auth/token/verify/
Bad Request: /api/auth/token/verify/
Bad Request: /api/auth/token/verify/
Unauthorized: /api/auth/token/verify/
Unauthorized: /api/auth/token/verify/
Unauthorized: /api/auth/token/verify/
Unauthorized: /api/auth/token/verify/
Unauthorized: /api/auth/token/verify/
Unauthorized: /api/auth/token/verify/
Unauthorized: /api/auth/token/verify/
Unauthorized: /api/auth/token/verify/
Unauthorized: /api/auth/token/verify/
Unauthorized: /api/auth/token/verify/
Unauthorized: /api/auth/token/verify/
Unauthorized: /api/auth/token/verify/
Unauthorized: /api/auth/token/verify/
Unauthorized: /api/auth/token/verify/
Unauthorized: /api/auth/token/verify/
Unauthorized: /api/auth/token/verify/
Unauthorized: /api/auth/token/verify/
Unauthorized: /api/auth/token/verify/
Unauthorized: /api/auth/token/verify/
Unauthorized: /api/auth/token/verify/
Unauthorized: /api/auth/token/verify/
Unauthorized: /api/auth/token/verify/
Unauthorized: /api/auth/token/verify/
Unauthorized: /api/auth/token/verify/
Unauthorized: /api/auth/token/verify/
Unauthorized: /api/auth/token/verify/
Unauthorized: /api/auth/token/verify/
Unauthorized: /api/auth/token/verify/
Unauthorized: /api/auth/token/verify/
Unauthorized: /api/auth/token/verify/
Unauthorized: /api/auth/token/verify/
Unauthorized: /api/auth/token/verify/
Unauthorized: /api/auth/token/verify/
Unauthorized: /api/auth/token/verify/
Unauthorized: /api/auth/token/verify/
Unauthorized: /api/auth/token/verify/
Unauthorized: /api/auth/token/verify/
Unauthorized: /api/auth/token/verify/
Unauthorized: /api/auth/token/verify/
Unauthorized: /api/auth/token/verify/
Unauthorized: /api/auth/token/verify/
Unauthorized: /api/auth/token/verify/
Unauthorized: /api/auth/token/verify/
Unauthorized: /api/auth/token/verify/
Unauthorized: /api/auth/token/verify/
Unauthorized: /api/auth/token/verify/
Unauthorized: /api/auth/token/verify/
Unauthorized: /api/auth/token/verify/
Unauthorized: /api/auth/token/verify/
Unauthorized: /api/auth/token/verify/
Unauthorized: /api/auth/token/verify/
Unauthorized: /api/auth/token/verify/
Unauthorized: /api/auth/token/verify/
Unauthorized: /api/auth/token/verify/
Unauthorized: /api/auth/token/verify/
Unauthorized: /api/auth/token/verify/
Unauthorized: /api/auth/token/verify/
Unauthorized: /api/auth/token/verify/
Unauthorized: /api/auth/token/verify/
Unauthorized: /api/auth/token/verify/
Unauthorized: /api/auth/token/verify/
Unauthorized: /api/auth/token/verify/
Unauthorized: /api/auth/token/verify/
Unauthorized: /api/auth/token/verify/
Unauthorized: /api/auth/token/verify/
Unauthorized: /api/auth/token/verify/
Unauthorized: /api/auth/token/verify/
Unauthorized: /api/auth/token/verify/
Unauthorized: /api/auth/token/verify/
Unauthorized: /api/auth/token/verify/
Unauthorized: /api/auth/token/verify/
Unauthorized: /api/auth/token/verify/
Unauthorized: /api/auth/token/verify/
Unauthorized: /api/auth/token/verify/
Unauthorized: /api/auth/token/verify/
Unauthorized: /api/auth/token/verify/
Unauthorized: /api/auth/token/verify/
Unauthorized: /api/auth/token/verify/
Unauthorized: /api/auth/token/verify/
Unauthorized: /api/auth/token/verify/
Unauthorized: /api/auth/token/verify/
Unauthorized: /api/auth/token/verify/
Unauthorized: /api/auth/token/verify/
Unauthorized: /api/auth/token/verify/
Unauthorized: /api/auth/token/verify/
Unauthorized: /api/auth/token/verify/
Unauthorized: /api/auth/token/verify/
Unauthorized: /api/auth/token/verify/
Unauthorized: /api/auth/token/verify/
Bad Request: /api/auth/token/verify/
Bad Request: /api/auth/token/verify/
Bad Request: /api/auth/token/verify/
Bad Request: /api/auth/token/verify/
Bad Request: /api/auth/token/verify/
Bad Request: /api/auth/token/verify/
Bad Request: /api/auth/token/verify/
Bad Request: /api/auth/token/verify/
Bad Request: /api/auth/token/verify/
Bad Request: /api/auth/token/verify/
Bad Request: /api/auth/token/verify/
Bad Request: /api/auth/token/verify/
Bad Request: /api/auth/token/verify/
Bad Request: /api/auth/token/verify/
Bad Request: /api/auth/token/verify/
Bad Request: /api/auth/token/verify/
Bad Request: /api/auth/token/verify/
Bad Request: /api/auth/token/verify/
Bad Request: /api/auth/token/verify/
Bad Request: /api/auth/token/verify/
Bad Request: /api/auth/token/verify/
Bad Request: /api/auth/token/verify/
Bad Request: /api/auth/token/verify/
Bad Request: /api/auth/token/verify/
Bad Request: /api/auth/token/verify/
Bad Request: /api/auth/token/verify/
Bad Request: /api/auth/token/verify/
Bad Request: /api/auth/token/verify/
Bad Request: /api/auth/token/verify/
Bad Request: /api/auth/token/verify/
Bad Request: /api/auth/token/verify/
Bad Request: /api/auth/token/verify/
Bad Request: /api/auth/token/verify/
Bad Request: /api/auth/token/verify/
Bad Request: /api/auth/token/verify/
Bad Request: /api/auth/token/verify/
Bad Request: /api/auth/token/verify/
Bad Request: /api/auth/token/verify/
Bad Request: /api/auth/token/verify/
Bad Request: /api/auth/token/verify/
Bad Request: /api/auth/token/verify/
Bad Request: /api/auth/token/verify/
Bad Request: /api/auth/token/verify/
Bad Request: /api/auth/token/verify/
Bad Request: /api/auth/token/verify/
Bad Request: /api/auth/token/verify/
Bad Request: /api/auth/token/verify/
Bad Request: /api/auth/token/verify/
Bad Request: /api/auth/token/verify/
Bad Request: /api/auth/token/verify/
Bad Request: /api/auth/token/verify/
Bad Request: /api/auth/token/verify/
Bad Request: /api/auth/token/verify/
Bad Request: /api/auth/token/verify/
Bad Request: /api/auth/token/verify/
Bad Request: /api/auth/token/verify/
Bad Request: /api/auth/token/verify/
Bad Request: /api/auth/token/verify/
Bad Request: /api/auth/token/verify/
Bad Request: /api/auth/token/verify/
Bad Request: /api/auth/token/verify/
Bad Request: /api/auth/token/verify/
Bad Request: /api/auth/token/verify/
Bad Request: /api/auth/token/verify/
Bad Request: /api/auth/token/verify/
Bad Request: /api/auth/token/verify/
Bad Request: /api/auth/token/verify/
Bad Request: /api/auth/token/verify/
Bad Request: /api/auth/token/verify/
Bad Request: /api/auth/token/verify/
Bad Request: /api/auth/token/verify/
Bad Request: /api/auth/token/verify/
Bad Request: /api/auth/token/verify/
Bad Request: /api/auth/token/verify/
Bad Request: /api/auth/token/verify/
Bad Request: /api/auth/token/verify/
Bad Request: /api/auth/token/verify/
Bad Request: /api/auth/token/verify/
Bad Request: /api/auth/token/verify/
Bad Request: /api/auth/token/verify/
Bad Request: /api/auth/token/verify/
Bad Request: /api/auth/token/verify/
Bad Request: /api/auth/token/verify/
Bad Request: /api/auth/token/verify/
Bad Request: /api/auth/token/verify/
Bad Request: /api/auth/token/verify/
Bad Request: /api/auth/token/verify/
Bad Request: /api/auth/token/verify/
Bad Request: /api/auth/token/verify/
Bad Request: /api/auth/token/verify/
Bad Request: /api/auth/token/verify/
Bad Request: /api/auth/token/verify/
Bad Request: /api/auth/token/verify/
Bad Request: /api/auth/token/verify/
Bad Request: /api/auth/token/verify/
Bad Request: /api/auth/token/verify/
Bad Request: /api/auth/token/verify/
Bad Request: /api/auth/token/verify/
Bad Request: /api/auth/token/verify/
Bad Request: /api/auth/token/verify/
Bad Request: /api/auth/token/verify/
Bad Request: /api/auth/token/verify/
Bad Request: /api/auth/token/verify/
Bad Request: /api/auth/token/verify/
Bad Request: /api/auth/token/verify/
Bad Request: /api/auth/token/verify/
Bad Request: /api/auth/token/verify/
Unauthorized: /api/auth/token/verify/
Bad Request: /api/auth/token/verify/
Unauthorized: /api/auth/token/verify/
Bad Request: /api/auth/token/verify/
Unauthorized: /api/auth/token/verify/
Bad Request: /api/auth/token/verify/
Unauthorized: /api/auth/token/verify/
Bad Request: /api/auth/token/verify/
Unauthorized: /api/auth/token/verify/
Bad Request: /api/auth/token/verify/
Unauthorized: /api/auth/token/verify/
Bad Request: /api/auth/token/verify/
Unauthorized: /api/auth/token/verify/
Unauthorized: /api/auth/token/verify/
Unauthorized: /api/auth/token/verify/
Unauthorized: /api/auth/token/verify/
Bad Request: /api/auth/token/verify/
Unauthorized: /api/auth/token/verify/
Unauthorized: /api/auth/token/verify/
Bad Request: /api/auth/token/verify/
Unauthorized: /api/auth/token/verify/
Bad Request: /api/auth/token/verify/
Unauthorized: /api/auth/token/verify/
Bad Request: /api/auth/token/verify/
Unauthorized: /api/auth/token/verify/
Bad Request: /api/auth/token/verify/
Bad Request: /api/auth/token/verify/
Bad Request: /api/auth/token/verify/
Bad Request: /api/auth/token/verify/
Bad Request: /api/auth/token/verify/
Bad Request: /api/auth/token/verify/
Bad Request: /api/auth/token/verify/
Bad Request: /api/auth/token/verify/
Bad Request: /api/auth/token/verify/
Bad Request: /api/auth/token/verify/
Unauthorized: /api/auth/token/verify/
Unauthorized: /api/auth/token/verify/
Unauthorized: /api/auth/token/verify/
Unauthorized: /api/auth/token/verify/
Unauthorized: /api/auth/token/verify/
Unauthorized: /api/auth/token/verify/
Unauthorized: /api/auth/token/verify/
Unauthorized: /api/auth/token/verify/
Unauthorized: /api/auth/token/verify/
Unauthorized: /api/auth/token/verify/
Unauthorized: /api/auth/token/verify/
Unauthorized: /api/auth/token/verify/
Unauthorized: /api/auth/token/verify/
Unauthorized: /api/auth/token/verify/
Unauthorized: /api/auth/token/verify/
Unauthorized: /api/auth/token/verify/
Unauthorized: /api/auth/token/verify/
Unauthorized: /api/auth/token/verify/
Unauthorized: /api/auth/token/verify/
Unauthorized: /api/auth/token/verify/
Unauthorized: /api/auth/token/verify/
Unauthorized: /api/auth/token/verify/
Unauthorized: /api/auth/token/verify/
Unauthorized: /api/auth/token/verify/
Unauthorized: /api/auth/token/verify/
Unauthorized: /api/auth/token/verify/
Unauthorized: /api/auth/token/verify/
Unauthorized: /api/auth/token/verify/
Unauthorized: /api/auth/token/verify/
Unauthorized: /api/auth/token/verify/
Unauthorized: /api/auth/token/verify/
Unauthorized: /api/auth/token/verify/
Unauthorized: /api/auth/token/verify/
Unauthorized: /api/auth/token/verify/
Unauthorized: /api/auth/token/verify/
Unauthorized: /api/auth/token/verify/
Unauthorized: /api/auth/token/verify/
Unauthorized: /api/auth/token/verify/
Unauthorized: /api/auth/token/verify/
Unauthorized: /api/auth/token/verify/
Unauthorized: /api/auth/token/verify/
Unauthorized: /api/auth/token/verify/
Unauthorized: /api/auth/token/verify/
Unauthorized: /api/auth/token/verify/
Unauthorized: /api/auth/token/verify/
Unauthorized: /api/auth/token/verify/
Unauthorized: /api/auth/token/verify/
Unauthorized: /api/auth/token/verify/
Unauthorized: /api/auth/token/verify/
Unauthorized: /api/auth/token/verify/
Unauthorized: /api/auth/token/verify/
Unauthorized: /api/auth/token/verify/
Unauthorized: /api/auth/token/verify/
Unauthorized: /api/auth/token/verify/
Unauthorized: /api/auth/token/verify/
Unauthorized: /api/auth/token/verify/
Unauthorized: /api/auth/token/verify/
Unauthorized: /api/auth/token/verify/
Unauthorized: /api/auth/token/verify/
Unauthorized: /api/auth/token/verify/
Unauthorized: /api/auth/token/verify/
Unauthorized: /api/auth/token/verify/
Unauthorized: /api/auth/token/verify/
Unauthorized: /api/auth/token/verify/
Unauthorized: /api/auth/token/verify/
Unauthorized: /api/auth/token/verify/
Unauthorized: /api/auth/token/verify/
Unauthorized: /api/auth/token/verify/
Unauthorized: /api/auth/token/verify/
Unauthorized: /api/auth/token/verify/
Unauthorized: /api/auth/token/verify/
Unauthorized: /api/auth/token/verify/
Unauthorized: /api/auth/token/verify/
Unauthorized: /api/auth/token/verify/
Unauthorized: /api/auth/token/verify/
Unauthorized: /api/auth/token/verify/
Unauthorized: /api/auth/token/verify/
Unauthorized: /api/auth/token/verify/
Unauthorized: /api/auth/token/verify/
Unauthorized: /api/auth/token/verify/
Unauthorized: /api/auth/token/verify/
Unauthorized: /api/auth/token/verify/
Unauthorized: /api/auth/token/verify/
Unauthorized: /api/auth/token/verify/
Unauthorized: /api/auth/token/verify/
Unauthorized: /api/auth/token/verify/
Unauthorized: /api/auth/token/verify/
Unauthorized: /api/auth/token/verify/
Unauthorized: /api/auth/token/verify/
Unauthorized: /api/auth/token/verify/
Unauthorized: /api/auth/token/verify/
Unauthorized: /api/auth/token/verify/
Unauthorized: /api/auth/token/verify/
Unauthorized: /api/auth/token/verify/
Unauthorized: /api/auth/token/verify/
Unauthorized: /api/auth/token/verify/
Unauthorized: /api/auth/token/verify/
Unauthorized: /api/auth/token/verify/
Unauthorized: /api/auth/token/verify/
Unauthorized: /api/auth/token/verify/
Unauthorized: /api/auth/token/verify/
Unauthorized: /api/auth/token/verify/
Unauthorized: /api/auth/token/verify/
Unauthorized: /api/auth/token/verify/
Unauthorized: /api/auth/token/verify/
Unauthorized: /api/auth/token/verify/
Unauthorized: /api/auth/token/verify/
Unauthorized: /api/auth/token/verify/
Unauthorized: /api/auth/token/verify/
Unauthorized: /api/auth/token/verify/
Unauthorized: /api/auth/token/verify/
Unauthorized: /api/auth/token/verify/
Unauthorized: /api/auth/token/verify/
Unauthorized: /api/auth/token/verify/
Unauthorized: /api/auth/token/verify/
Unauthorized: /api/auth/token/verify/
Unauthorized: /api/auth/token/verify/
Unauthorized: /api/auth/token/verify/
Unauthorized: /api/auth/token/verify/
Unauthorized: /api/auth/token/verify/
Unauthorized: /api/auth/token/verify/
Unauthorized: /api/auth/token/verify/
Unauthorized: /api/auth/token/verify/
Unauthorized: /api/auth/token/verify/
Unauthorized: /api/auth/token/verify/
Unauthorized: /api/auth/token/verify/
Unauthorized: /api/auth/token/verify/
Unauthorized: /api/auth/token/verify/
Unauthorized: /api/auth/token/verify/
Unauthorized: /api/auth/token/verify/
Unauthorized: /api/auth/token/verify/
Unauthorized: /api/auth/token/verify/
Unauthorized: /api/auth/token/verify/
Unauthorized: /api/auth/token/verify/
Unauthorized: /api/auth/token/verify/
Unauthorized: /api/auth/token/verify/
Unauthorized: /api/auth/token/verify/
Unauthorized: /api/auth/token/verify/
Unauthorized: /api/auth/token/verify/
Unauthorized: /api/auth/token/verify/
Unauthorized: /api/auth/token/verify/
Unauthorized: /api/auth/token/verify/
Unauthorized: /api/auth/token/verify/
Unauthorized: /api/auth/token/verify/
Unauthorized: /api/auth/token/verify/
Unauthorized: /api/auth/token/verify/
Unauthorized: /api/auth/token/verify/
Unauthorized: /api/auth/token/verify/
Unauthorized: /api/auth/token/verify/
Unauthorized: /api/auth/token/verify/
Unauthorized: /api/auth/token/verify/
Unauthorized: /api/auth/token/verify/
Unauthorized: /api/auth/token/verify/
Unauthorized: /api/auth/token/verify/
Unauthorized: /api/series/
Unauthorized: /api/auth/token/verify/
Unauthorized: /api/auth/token/verify/
Unauthorized: /api/series/
Unauthorized: /api/series/
Unauthorized: /api/series/
Unauthorized: /api/series/
Unauthorized: /api/auth/token/verify/
Unauthorized: /api/auth/token/verify/
Unauthorized: /api/auth/token/verify/
Unauthorized: /api/auth/token/verify/
Unauthorized: /api/auth/token/verify/
Unauthorized: /api/auth/token/verify/
Unauthorized: /api/auth/token/verify/
Unauthorized: /api/auth/token/verify/
Unauthorized: /api/auth/token/verify/
Unauthorized: /api/auth/token/verify/
Unauthorized: /api/auth/token/verify/
Unauthorized: /api/auth/token/verify/
Unauthorized: /api/auth/token/verify/
Unauthorized: /api/auth/token/verify/
Unauthorized: /api/auth/token/verify/
Unauthorized: /api/auth/token/verify/
Unauthorized: /api/auth/token/verify/
Unauthorized: /api/auth/token/verify/
Unauthorized: /api/auth/token/verify/
Unauthorized: /api/auth/token/verify/
Unauthorized: /api/auth/token/verify/
Unauthorized: /api/auth/token/verify/
Unauthorized: /api/auth/token/verify/
Unauthorized: /api/auth/token/verify/
Unauthorized: /api/auth/token/verify/
Unauthorized: /api/auth/token/verify/
Unauthorized: /api/auth/token/verify/
Unauthorized: /api/auth/token/verify/
Unauthorized: /api/auth/token/verify/
Unauthorized: /api/auth/token/verify/
Unauthorized: /api/auth/token/verify/
Unauthorized: /api/auth/token/verify/
Unauthorized: /api/auth/token/verify/
Unauthorized: /api/auth/token/verify/
Unauthorized: /api/auth/token/verify/
Unauthorized: /api/auth/token/verify/
Unauthorized: /api/auth/token/verify/
Unauthorized: /api/auth/token/verify/
Watching for file changes with StatReloader
Unauthorized: /api/auth/token/verify/
Unauthorized: /api/auth/token/verify/
Unauthorized: /api/auth/token/verify/
Unauthorized: /api/auth/token/verify/
Unauthorized: /api/auth/token/verify/
Unauthorized: /api/auth/token/verify/
Unauthorized: /api/auth/token/verify/
Unauthorized: /api/auth/token/verify/
Unauthorized: /api/auth/token/verify/
Unauthorized: /api/auth/token/verify/
Unauthorized: /api/auth/token/verify/
Unauthorized: /api/auth/token/verify/
Unauthorized: /api/auth/token/verify/
Unauthorized: /api/auth/token/verify/
Unauthorized: /api/auth/token/verify/
Unauthorized: /api/auth/token/verify/
Unauthorized: /api/auth/token/verify/
Unauthorized: /api/auth/token/verify/
Unauthorized: /api/auth/token/verify/
Unauthorized: /api/auth/token/verify/
Unauthorized: /api/auth/token/verify/
Unauthorized: /api/auth/token/verify/
Unauthorized: /api/auth/token/verify/
Unauthorized: /api/auth/token/verify/
Unauthorized: /api/auth/token/verify/
Unauthorized: /api/auth/token/verify/
Unauthorized: /api/auth/token/verify/
Unauthorized: /api/auth/token/verify/
Unauthorized: /api/auth/token/verify/
Unauthorized: /api/auth/token/verify/
Unauthorized: /api/auth/token/verify/
Unauthorized: /api/auth/token/verify/
Unauthorized: /api/auth/token/verify/
Unauthorized: /api/auth/token/verify/
Unauthorized: /api/auth/token/verify/
Unauthorized: /api/auth/token/verify/
Unauthorized: /api/auth/token/verify/
Unauthorized: /api/auth/token/verify/
Unauthorized: /api/auth/token/verify/
Unauthorized: /api/auth/token/verify/
Unauthorized: /api/auth/token/verify/
Unauthorized: /api/auth/token/verify/
Unauthorized: /api/auth/token/verify/
Unauthorized: /api/auth/token/verify/
Unauthorized: /api/auth/token/verify/
Unauthorized: /api/auth/token/verify/
Unauthorized: /api/auth/token/verify/
Unauthorized: /api/auth/token/verify/
Unauthorized: /api/auth/token/verify/
Unauthorized: /api/auth/token/verify/
Unauthorized: /api/auth/token/verify/
Unauthorized: /api/auth/token/verify/
Unauthorized: /api/auth/token/verify/
Unauthorized: /api/auth/token/verify/
Unauthorized: /api/auth/token/verify/
Unauthorized: /api/auth/token/verify/
Unauthorized: /api/auth/token/verify/
Unauthorized: /api/auth/token/verify/
Unauthorized: /api/auth/token/verify/
Unauthorized: /api/auth/token/verify/
Unauthorized: /api/auth/token/verify/
Unauthorized: /api/auth/token/verify/
Unauthorized: /api/auth/token/verify/
Unauthorized: /api/auth/token/verify/
Unauthorized: /api/auth/token/verify/
Unauthorized: /api/auth/token/verify/
Unauthorized: /api/auth/token/verify/
Unauthorized: /api/auth/token/verify/
Unauthorized: /api/auth/token/verify/
Unauthorized: /api/auth/token/verify/
Unauthorized: /api/auth/token/verify/
Unauthorized: /api/auth/token/verify/
Unauthorized: /api/auth/token/verify/
Unauthorized: /api/auth/token/verify/
Unauthorized: /api/auth/token/verify/
Unauthorized: /api/auth/token/verify/
Unauthorized: /api/auth/token/verify/
Unauthorized: /api/auth/token/verify/
Unauthorized: /api/auth/token/verify/
Unauthorized: /api/auth/token/verify/
Unauthorized: /api/auth/token/verify/
Unauthorized: /api/auth/token/verify/
Unauthorized: /api/auth/token/verify/
Unauthorized: /api/auth/token/verify/
Unauthorized: /api/auth/token/verify/
Unauthorized: /api/auth/token/verify/
Unauthorized: /api/auth/token/verify/
Unauthorized: /api/auth/token/verify/
Unauthorized: /api/auth/token/verify/
Unauthorized: /api/auth/token/verify/
Unauthorized: /api/auth/token/verify/
Unauthorized: /api/auth/token/verify/
Unauthorized: /api/auth/token/verify/
Unauthorized: /api/auth/token/verify/
Unauthorized: /api/auth/token/verify/
Unauthorized: /api/auth/token/verify/
Unauthorized: /api/auth/token/verify/
Unauthorized: /api/auth/token/verify/
Unauthorized: /api/auth/token/verify/
Unauthorized: /api/auth/token/verify/
Unauthorized: /api/auth/token/verify/
Unauthorized: /api/auth/token/verify/
Unauthorized: /api/auth/token/verify/
Unauthorized: /api/auth/token/verify/
Unauthorized: /api/auth/token/verify/
Unauthorized: /api/auth/token/verify/
Unauthorized: /api/auth/token/verify/
Unauthorized: /api/auth/token/verify/
Unauthorized: /api/auth/token/verify/
Unauthorized: /api/auth/token/verify/
Unauthorized: /api/auth/token/verify/
Unauthorized: /api/auth/token/verify/
Unauthorized: /api/auth/token/verify/
Unauthorized: /api/auth/token/verify/
Unauthorized: /api/auth/token/verify/
Unauthorized: /api/auth/token/verify/
Unauthorized: /api/auth/token/verify/
Unauthorized: /api/auth/token/verify/
Unauthorized: /api/auth/token/verify/
Unauthorized: /api/auth/token/verify/
Unauthorized: /api/auth/token/verify/
Unauthorized: /api/auth/token/verify/
Unauthorized: /api/auth/token/verify/
Unauthorized: /api/auth/token/verify/
Unauthorized: /api/auth/token/verify/
Unauthorized: /api/auth/token/verify/
Unauthorized: /api/auth/token/verify/
Unauthorized: /api/auth/token/verify/
Unauthorized: /api/auth/token/verify/
Unauthorized: /api/auth/token/verify/
Unauthorized: /api/auth/token/verify/
Unauthorized: /api/auth/token/verify/
Unauthorized: /api/auth/token/verify/
Unauthorized: /api/auth/token/verify/
Unauthorized: /api/auth/token/verify/
Unauthorized: /api/auth/token/verify/
Unauthorized: /api/auth/token/verify/
Unauthorized: /api/auth/token/verify/
Unauthorized: /api/auth/token/verify/
Unauthorized: /api/auth/token/verify/
Unauthorized: /api/auth/token/verify/
Unauthorized: /api/auth/token/verify/
Unauthorized: /api/auth/token/verify/
Unauthorized: /api/auth/token/verify/
Unauthorized: /api/auth/token/verify/
Unauthorized: /api/auth/token/verify/
Unauthorized: /api/auth/token/verify/
Unauthorized: /api/auth/token/verify/
Unauthorized: /api/auth/token/verify/
Unauthorized: /api/auth/token/verify/
Unauthorized: /api/auth/token/verify/
Unauthorized: /api/auth/token/verify/
Unauthorized: /api/auth/token/verify/
Unauthorized: /api/auth/token/verify/
Unauthorized: /api/auth/token/verify/
Unauthorized: /api/auth/token/verify/
Unauthorized: /api/auth/token/verify/
Unauthorized: /api/auth/token/verify/
Unauthorized: /api/auth/token/verify/
Unauthorized: /api/auth/token/verify/
Unauthorized: /api/auth/token/verify/
Unauthorized: /api/auth/token/verify/
Unauthorized: /api/auth/token/verify/
Unauthorized: /api/auth/token/verify/
Unauthorized: /api/auth/token/verify/
Unauthorized: /api/auth/token/verify/
Unauthorized: /api/auth/token/verify/
Unauthorized: /api/auth/token/verify/
D:\desktop\monogatari\monogatari_backend\monogatari_backend\settings.py changed, reloading.
Watching for file changes with StatReloader
Unauthorized: /api/auth/token/verify/
Unauthorized: /api/auth/token/verify/
Unauthorized: /api/auth/token/verify/
Unauthorized: /api/auth/token/verify/
Unauthorized: /api/auth/token/verify/
Unauthorized: /api/auth/token/verify/
Unauthorized: /api/auth/token/verify/
Unauthorized: /api/auth/token/verify/
Unauthorized: /api/auth/token/verify/
Unauthorized: /api/auth/token/verify/
Unauthorized: /api/auth/token/verify/
D:\desktop\monogatari\monogatari_backend\monogatari_backend\settings.py changed, reloading.
Watching for file changes with StatReloader
Unauthorized: /api/auth/token/verify/
Unauthorized: /api/auth/token/verify/
Unauthorized: /api/auth/token/verify/
Unauthorized: /api/auth/token/verify/
Unauthorized: /api/auth/token/verify/
Unauthorized: /api/auth/token/verify/
Unauthorized: /api/auth/token/verify/
Unauthorized: /api/auth/token/verify/
Unauthorized: /api/auth/token/verify/
Unauthorized: /api/auth/token/verify/
Unauthorized: /api/auth/token/verify/
Unauthorized: /api/auth/token/verify/
Unauthorized: /api/auth/token/verify/
Unauthorized: /api/auth/token/verify/
Unauthorized: /api/auth/token/verify/
Unauthorized: /api/auth/token/verify/
Unauthorized: /api/auth/token/verify/
Unauthorized: /api/auth/token/verify/
Unauthorized: /api/auth/token/verify/
Unauthorized: /api/auth/token/verify/
Unauthorized: /api/auth/token/verify/
Unauthorized: /api/auth/token/verify/
Unauthorized: /api/auth/token/verify/
Unauthorized: /api/auth/token/verify/
Unauthorized: /api/auth/token/verify/
D:\desktop\monogatari\monogatari_backend\monogatari_backend\settings.py changed, reloading.
Watching for file changes with StatReloader
Unauthorized: /api/auth/token/verify/
Unauthorized: /api/auth/token/verify/
Unauthorized: /api/auth/token/verify/
Unauthorized: /api/auth/token/verify/
Unauthorized: /api/auth/token/verify/
Unauthorized: /api/auth/token/verify/
Unauthorized: /api/auth/token/verify/
Unauthorized: /api/auth/token/verify/
Unauthorized: /api/auth/token/verify/
Unauthorized: /api/auth/token/verify/
Unauthorized: /api/auth/token/verify/
Unauthorized: /api/auth/token/verify/
Unauthorized: /api/auth/token/verify/
Unauthorized: /api/auth/token/verify/
Unauthorized: /api/auth/token/verify/
Unauthorized: /api/auth/token/verify/
Unauthorized: /api/auth/token/verify/
Unauthorized: /api/auth/token/verify/
Unauthorized: /api/auth/token/verify/
Unauthorized: /api/auth/token/verify/
Unauthorized: /api/auth/token/verify/
Unauthorized: /api/auth/token/verify/
Unauthorized: /api/auth/token/verify/
Unauthorized: /api/auth/token/verify/
Unauthorized: /api/auth/token/verify/
D:\desktop\monogatari\monogatari_backend\monogatari_backend\settings.py changed, reloading.
Watching for file changes with StatReloader
Unauthorized: /api/auth/token/verify/
Unauthorized: /api/auth/token/verify/
Unauthorized: /api/auth/token/verify/
Unauthorized: /api/auth/token/verify/
Unauthorized: /api/auth/token/verify/
Unauthorized: /api/auth/token/verify/
Unauthorized: /api/auth/token/verify/
Unauthorized: /api/auth/token/refresh/
Unauthorized: /api/auth/token/verify/
Unauthorized: /api/auth/token/verify/
Unauthorized: /api/auth/token/verify/
Unauthorized: /api/auth/token/verify/
Unauthorized: /api/auth/token/verify/
Bad Request: /api/auth/token/verify/
Unauthorized: /api/auth/token/refresh/
Bad Request: /api/auth/token/verify/
Unauthorized: /api/auth/token/refresh/
Bad Request: /api/auth/token/verify/
Unauthorized: /api/auth/token/refresh/
Bad Request: /api/auth/token/verify/
Unauthorized: /api/auth/token/refresh/
Bad Request: /api/auth/token/verify/
Unauthorized: /api/auth/token/refresh/
Bad Request: /api/auth/token/verify/
Unauthorized: /api/auth/token/refresh/
Unauthorized: /api/auth/token/verify/
Unauthorized: /api/auth/token/verify/
Unauthorized: /api/auth/token/verify/
Unauthorized: /api/auth/token/verify/
Unauthorized: /api/auth/token/verify/
Bad Request: /api/auth/token/verify/
Unauthorized: /api/auth/token/refresh/
Unauthorized: /api/auth/token/verify/
Unauthorized: /api/auth/token/verify/
Unauthorized: /api/auth/token/verify/
Unauthorized: /api/auth/token/verify/
Unauthorized: /api/auth/token/verify/
Unauthorized: /api/auth/token/verify/
Unauthorized: /api/auth/token/verify/
Unauthorized: /api/auth/token/refresh/
Bad Request: /api/auth/token/verify/
Unauthorized: /api/auth/token/refresh/
Bad Request: /api/auth/token/verify/
Unauthorized: /api/auth/token/refresh/
Bad Request: /api/auth/token/verify/
Unauthorized: /api/auth/token/refresh/
Unauthorized: /api/auth/token/verify/
Unauthorized: /api/auth/token/verify/
Unauthorized: /api/auth/token/verify/
Unauthorized: /api/auth/token/verify/
Unauthorized: /api/auth/token/verify/
Bad Request: /api/auth/token/verify/
Unauthorized: /api/auth/token/refresh/
Bad Request: /api/auth/token/verify/
Unauthorized: /api/auth/token/refresh/
Unauthorized: /api/auth/token/verify/
Unauthorized: /api/auth/token/verify/
Unauthorized: /api/auth/token/verify/
Unauthorized: /api/auth/token/verify/
Unauthorized: /api/auth/token/verify/
Unauthorized: /api/auth/token/verify/
Unauthorized: /api/auth/token/verify/
Unauthorized: /api/auth/token/verify/
Unauthorized: /api/auth/token/refresh/
Bad Request: /api/auth/token/verify/
Unauthorized: /api/auth/token/refresh/
Bad Request: /api/auth/token/verify/
Unauthorized: /api/auth/token/refresh/
Bad Request: /api/auth/token/verify/
Unauthorized: /api/auth/token/refresh/
Bad Request: /api/auth/token/verify/
Unauthorized: /api/auth/token/refresh/
Bad Request: /api/auth/login/
Unauthorized: /api/auth/token/verify/
Unauthorized: /api/auth/token/refresh/
Unauthorized: /api/auth/token/verify/
Unauthorized: /api/auth/token/refresh/
Bad Request: /api/auth/token/verify/
Unauthorized: /api/auth/token/refresh/
Unauthorized: /api/auth/token/verify/
Unauthorized: /api/auth/token/refresh/
Bad Request: /api/auth/token/verify/
Unauthorized: /api/auth/token/refresh/
Bad Request: /api/auth/token/verify/
Unauthorized: /api/auth/token/refresh/
Bad Request: /api/auth/token/verify/
Unauthorized: /api/auth/token/refresh/
Bad Request: /api/auth/token/verify/
Unauthorized: /api/auth/token/verify/
Unauthorized: /api/auth/token/verify/
Unauthorized: /api/auth/token/refresh/
Unauthorized: /api/auth/token/verify/
Unauthorized: /api/auth/token/verify/
Unauthorized: /api/auth/token/refresh/
Bad Request: /api/auth/token/verify/
Unauthorized: /api/auth/token/refresh/
Bad Request: /api/auth/token/verify/
Unauthorized: /api/auth/token/refresh/
Unauthorized: /api/series/
D:\desktop\monogatari\monogatari_backend\monogatari_backend\settings.py changed, reloading.
Watching for file changes with StatReloader
Unauthorized: /api/auth/token/verify/
Unauthorized: /api/auth/token/verify/
Unauthorized: /api/auth/token/refresh/
Unauthorized: /api/auth/token/verify/
Unauthorized: /api/auth/token/refresh/
Unauthorized: /api/auth/token/verify/
Unauthorized: /api/auth/token/refresh/
Unauthorized: /api/auth/token/verify/
Unauthorized: /api/auth/token/refresh/
Unauthorized: /api/auth/token/verify/
Unauthorized: /api/auth/token/refresh/
Unauthorized: /api/auth/token/verify/
Unauthorized: /api/auth/token/refresh/
D:\desktop\monogatari\monogatari_backend\monogatari_backend\settings.py changed, reloading.
Watching for file changes with StatReloader
Bad Request: /api/auth/token/verify/
Unauthorized: /api/auth/token/refresh/
Bad Request: /api/auth/token/verify/
Unauthorized: /api/auth/token/refresh/
Bad Request: /api/auth/token/verify/
Unauthorized: /api/auth/token/refresh/
Bad Request: /api/auth/token/verify/
Unauthorized: /api/auth/token/refresh/
Bad Request: /api/auth/token/verify/
Unauthorized: /api/auth/token/refresh/
Bad Request: /api/auth/token/verify/
Unauthorized: /api/auth/token/refresh/
Bad Request: /api/auth/token/verify/
Unauthorized: /api/auth/token/refresh/
Bad Request: /api/auth/token/verify/
Unauthorized: /api/auth/token/refresh/
Bad Request: /api/auth/token/verify/
Unauthorized: /api/auth/token/refresh/
Bad Request: /api/auth/token/verify/
Bad Request: /api/auth/token/verify/
Unauthorized: /api/auth/token/refresh/
Unauthorized: /api/auth/token/refresh/
Bad Request: /api/auth/token/verify/
Bad Request: /api/auth/token/verify/
Unauthorized: /api/auth/token/refresh/
Unauthorized: /api/auth/token/refresh/
Bad Request: /api/auth/token/verify/
Unauthorized: /api/auth/token/refresh/
Bad Request: /api/auth/token/verify/
Unauthorized: /api/auth/token/refresh/
Bad Request: /api/auth/token/verify/
Unauthorized: /api/auth/token/refresh/
Bad Request: /api/auth/token/verify/
Unauthorized: /api/auth/token/refresh/
Bad Request: /api/auth/token/verify/
Unauthorized: /api/auth/token/refresh/
Bad Request: /api/auth/token/verify/
Unauthorized: /api/auth/token/refresh/
Bad Request: /api/auth/token/verify/
Unauthorized: /api/auth/token/refresh/
Bad Request: /api/auth/token/verify/
Unauthorized: /api/auth/token/refresh/
Bad Request: /api/auth/token/verify/
Unauthorized: /api/auth/token/refresh/
Bad Request: /api/auth/token/verify/
Unauthorized: /api/auth/token/refresh/
Bad Request: /api/auth/token/verify/
Unauthorized: /api/auth/token/refresh/
Bad Request: /api/auth/token/verify/
Unauthorized: /api/auth/token/refresh/
Bad Request: /api/auth/token/verify/
Bad Request: /api/auth/token/verify/
Unauthorized: /api/auth/token/refresh/
Unauthorized: /api/auth/token/refresh/
Bad Request: /api/auth/token/verify/
Bad Request: /api/auth/token/verify/
Unauthorized: /api/auth/token/refresh/
Unauthorized: /api/auth/token/refresh/
Bad Request: /api/auth/token/verify/
Bad Request: /api/auth/token/verify/
Unauthorized: /api/auth/token/refresh/
Unauthorized: /api/auth/token/refresh/
Unauthorized: /api/auth/token/verify/
Unauthorized: /api/auth/token/verify/
Unauthorized: /api/auth/token/refresh/
Bad Request: /api/auth/token/verify/
Unauthorized: /api/auth/token/refresh/
Unauthorized: /api/auth/token/verify/
Unauthorized: /api/auth/token/refresh/
Unauthorized: /api/auth/token/verify/
Unauthorized: /api/auth/token/verify/
Unauthorized: /api/auth/token/refresh/
Bad Request: /api/auth/token/verify/
Unauthorized: /api/auth/token/refresh/
Unauthorized: /api/auth/token/verify/
Unauthorized: /api/auth/token/refresh/
Bad Request: /api/auth/token/verify/
Unauthorized: /api/auth/token/refresh/
Unauthorized: /api/auth/token/verify/
Unauthorized: /api/auth/token/refresh/
Unauthorized: /api/auth/token/verify/
Unauthorized: /api/auth/token/verify/
Unauthorized: /api/auth/token/refresh/
Bad Request: /api/auth/token/verify/
Unauthorized: /api/auth/token/refresh/
Unauthorized: /api/auth/token/verify/
Unauthorized: /api/auth/token/refresh/
Unauthorized: /api/auth/token/verify/
Unauthorized: /api/auth/token/refresh/
Unauthorized: /api/auth/token/verify/
Unauthorized: /api/auth/token/refresh/
Unauthorized: /api/auth/token/verify/
Unauthorized: /api/auth/token/verify/
Unauthorized: /api/auth/token/refresh/
Bad Request: /api/auth/token/verify/
Unauthorized: /api/auth/token/refresh/
Bad Request: /api/auth/token/verify/
Unauthorized: /api/auth/token/refresh/
Unauthorized: /api/auth/token/verify/
Unauthorized: /api/auth/token/verify/
Unauthorized: /api/auth/token/refresh/
Bad Request: /api/auth/token/verify/
Unauthorized: /api/auth/token/refresh/
Bad Request: /api/auth/token/verify/
Unauthorized: /api/auth/token/refresh/
Bad Request: /api/auth/token/verify/
Unauthorized: /api/auth/token/refresh/
Bad Request: /api/auth/token/verify/
Unauthorized: /api/auth/token/refresh/
D:\desktop\monogatari\monogatari_backend\monogatari_backend\settings.py changed, reloading.
Watching for file changes with StatReloader
Bad Request: /api/auth/token/verify/
Unauthorized: /api/auth/token/refresh/
Bad Request: /api/auth/token/verify/
Unauthorized: /api/auth/token/refresh/
D:\desktop\monogatari\monogatari_backend\monogatari_backend\settings.py changed, reloading.
Watching for file changes with StatReloader
Bad Request: /api/auth/token/verify/
Unauthorized: /api/auth/token/refresh/
Bad Request: /api/auth/token/verify/
Unauthorized: /api/auth/token/refresh/
Bad Request: /api/auth/token/verify/
Unauthorized: /api/auth/token/refresh/
Bad Request: /api/auth/token/verify/
Unauthorized: /api/auth/token/refresh/
Bad Request: /api/auth/token/verify/
Unauthorized: /api/auth/token/refresh/
Bad Request: /api/auth/token/verify/
Unauthorized: /api/auth/token/refresh/
Unauthorized: /api/auth/token/verify/
Unauthorized: /api/auth/token/verify/
Unauthorized: /api/auth/token/refresh/
Bad Request: /api/auth/token/verify/
Unauthorized: /api/auth/token/refresh/
Unauthorized: /api/auth/token/verify/
Unauthorized: /api/auth/token/verify/
Unauthorized: /api/auth/token/refresh/
Unauthorized: /api/auth/token/verify/
Unauthorized: /api/auth/token/verify/
Unauthorized: /api/auth/token/refresh/
Bad Request: /api/auth/registration/
Bad Request: /api/auth/registration/
D:\desktop\monogatari\monogatari_backend\monogatari_backend\settings.py changed, reloading.
Watching for file changes with StatReloader
